<?xml version="1.0" encoding="UTF-8"?>
<testsuite xmlns:xsi="http://www.w3.org/2001/XMLSchema-instance" xsi:noNamespaceSchemaLocation="https://maven.apache.org/surefire/maven-failsafe-plugin/xsd/failsafe-test-report-3.0.xsd" version="3.0" name="starter.CucumberTestSuite" time="21.062" tests="46" errors="0" skipped="0" failures="4">
  <properties>
[...]
</properties>
  <testcase name="POST As a user I can create a new thread" classname="ManageThread" time="3.138">
    <system-out><![CDATA[08:37:44.756 [main] DEBUG net.thucydides.core.guice.Injectors - Created injector for module net.thucydides.core.guice.ThucydidesModule
08:37:44.974 [main] INFO io.cucumber.core.plugin.SerenityReporter - Running feature from file:///C:/Users/Nafal%20Adi%20SL/Documents/GitHub/Capstone-QE/test-automation-API/src/test/resources/api/ManageAdmin.feature
08:37:44.974 [main] WARN io.cucumber.core.plugin.SerenityReporter - Feature from file:///C:/Users/Nafal%20Adi%20SL/Documents/GitHub/Capstone-QE/test-automation-API/src/test/resources/api/ManageAdmin.feature is not under the 'features' directory. Requirements report will not be correctly generated!
08:37:45.071 [main] DEBUG net.thucydides.core.guice.Injectors - Created injector for module net.thucydides.core.guice.webdriver.WebDriverModule
08:37:45.079 [main] INFO  - 

-------------------------------------------------------------------------------------
     _______. _______ .______       _______ .__   __.  __  .___________.____    ____ 
    /       ||   ____||   _  \     |   ____||  \ |  | |  | |           |\   \  /   / 
   |   (----`|  |__   |  |_)  |    |  |__   |   \|  | |  | `---|  |----` \   \/   /  
    \   \    |   __|  |      /     |   __|  |  . `  | |  |     |  |       \_    _/   
.----)   |   |  |____ |  |\  \----.|  |____ |  |\   | |  |     |  |         |  |     
|_______/    |_______|| _| `._____||_______||__| \__| |__|     |__|         |__|    
                                                                                     
 News and tutorials at http://www.serenity-bdd.info                                  
 Documentation at https://wakaleo.gitbooks.io/the-serenity-book/content/             
 Join the Serenity Community on Gitter: https://gitter.im/serenity-bdd/serenity-core 
 Serenity BDD Support and Training at http://serenity-bdd.info/#/trainingandsupport  
-------------------------------------------------------------------------------------

08:37:45.081 [main] DEBUG net.thucydides.core.steps.StepEventBus - Test suite started for story net.thucydides.core.model.Story@1ab18bd7
08:37:45.083 [main] INFO  - Test Suite Started: Manage admin
08:37:45.093 [main] INFO io.cucumber.core.plugin.SerenityReporter - Running feature from file:///C:/Users/Nafal%20Adi%20SL/Documents/GitHub/Capstone-QE/test-automation-API/src/test/resources/api/ManageThread.feature
08:37:45.093 [main] WARN io.cucumber.core.plugin.SerenityReporter - Feature from file:///C:/Users/Nafal%20Adi%20SL/Documents/GitHub/Capstone-QE/test-automation-API/src/test/resources/api/ManageThread.feature is not under the 'features' directory. Requirements report will not be correctly generated!
08:37:45.104 [main] DEBUG net.thucydides.core.steps.StepEventBus - Test suite started for story net.thucydides.core.model.Story@e0360a39
08:37:45.104 [main] INFO  - Test Suite Started: Manage thread
08:37:45.105 [main] INFO io.cucumber.core.plugin.SerenityReporter - Running feature from file:///C:/Users/Nafal%20Adi%20SL/Documents/GitHub/Capstone-QE/test-automation-API/src/test/resources/api/ManageUser.feature
08:37:45.105 [main] WARN io.cucumber.core.plugin.SerenityReporter - Feature from file:///C:/Users/Nafal%20Adi%20SL/Documents/GitHub/Capstone-QE/test-automation-API/src/test/resources/api/ManageUser.feature is not under the 'features' directory. Requirements report will not be correctly generated!
08:37:45.109 [main] DEBUG net.thucydides.core.steps.StepEventBus - Test suite started for story net.thucydides.core.model.Story@68c7b999
08:37:45.109 [main] INFO  - Test Suite Started: Manage user
08:37:45.110 [main] INFO io.cucumber.core.plugin.SerenityReporter - Running feature from file:///C:/Users/Nafal%20Adi%20SL/Documents/GitHub/Capstone-QE/test-automation-API/src/test/resources/api/ManageThread.feature
08:37:45.110 [main] WARN io.cucumber.core.plugin.SerenityReporter - Feature from file:///C:/Users/Nafal%20Adi%20SL/Documents/GitHub/Capstone-QE/test-automation-API/src/test/resources/api/ManageThread.feature is not under the 'features' directory. Requirements report will not be correctly generated!
08:37:45.113 [main] DEBUG net.thucydides.core.steps.StepEventBus - Test suite started for story net.thucydides.core.model.Story@e0360a39
08:37:45.113 [main] INFO  - Test Suite Started: Manage thread

@Thread @T1
Scenario: POST As a user I can create a new thread &amp#27;[90m# src/test/resources/api/ManageThread.feature:7&amp#27;[0m
08:37:45.183 [main] INFO io.cucumber.core.plugin.SerenityReporter - Running feature from file:///C:/Users/Nafal%20Adi%20SL/Documents/GitHub/Capstone-QE/test-automation-API/src/test/resources/api/ManageThread.feature
08:37:45.184 [main] WARN io.cucumber.core.plugin.SerenityReporter - Feature from file:///C:/Users/Nafal%20Adi%20SL/Documents/GitHub/Capstone-QE/test-automation-API/src/test/resources/api/ManageThread.feature is not under the 'features' directory. Requirements report will not be correctly generated!
08:37:45.270 [main] INFO  - 
  _____   ___   ___   _____     ___   _____     _     ___   _____   ___   ___  
 |_   _| | __| / __| |_   _|   / __| |_   _|   /_\   | _ \ |_   _| | __| |   \ 
   | |   | _|  \__ \   | |     \__ \   | |    / _ \  |   /   | |   | _|  | |) |
   |_|   |___| |___/   |_|     |___/   |_|   /_/ \_\ |_|_\   |_|   |___| |___/ 

POST As a user I can create a new thread(managethread;post-as-a-user-i-can-create-a-new-thread)
--------------------------------------------------------------------------------
08:37:45.721 [main] DEBUG net.thucydides.core.steps.StepInterceptor - STARTING STEP: ThreadsSteps.setPostApiEndpointsNewThread - I set POST endpoints new thread
08:37:45.723 [main] DEBUG net.thucydides.core.steps.StepInterceptor - STEP DONE: I set POST endpoints new thread
  &amp#27;[32mGiven &amp#27;[0m&amp#27;[32mI set POST api endpoints new thread&amp#27;[0m        &amp#27;[90m# starter.stepdefinitions.ThreadsSteps.setPostApiEndpointsNewThread()&amp#27;[0m
08:37:45.732 [main] DEBUG net.thucydides.core.steps.StepInterceptor - STARTING STEP: ThreadsSteps.sendPostHttpRequestNewThread - I send POST HTTP request new thread
08:37:47.122 [main] DEBUG net.thucydides.core.steps.StepInterceptor - STARTING STEP: PostTheads.sendPostHTTPRequest - I set POST endpoints new thread
08:37:47.122 [main] DEBUG net.thucydides.core.steps.StepInterceptor - STEP DONE: I set POST endpoints new thread
08:37:47.570 [main] DEBUG org.apache.http.impl.conn.BasicClientConnectionManager - Get connection for route {}->http://ec2-54-206-29-131.ap-southeast-2.compute.amazonaws.com:8000
08:37:47.800 [main] DEBUG org.apache.http.impl.conn.DefaultClientConnectionOperator - Connecting to ec2-54-206-29-131.ap-southeast-2.compute.amazonaws.com:8000
08:37:47.927 [main] DEBUG org.apache.http.client.protocol.RequestAddCookies - CookieSpec selected: ignoreCookies
08:37:47.927 [main] DEBUG org.apache.http.client.protocol.RequestAuthCache - Auth cache not set in the context
08:37:47.927 [main] DEBUG org.apache.http.client.protocol.RequestProxyAuthentication - Proxy auth state: UNCHALLENGED
08:37:47.927 [main] DEBUG org.apache.http.impl.client.DefaultHttpClient - Attempt 1 to execute request
08:37:47.927 [main] DEBUG org.apache.http.impl.conn.DefaultClientConnection - Sending request: POST /threads HTTP/1.1
08:37:47.928 [main] DEBUG org.apache.http.wire -  >> "POST /threads HTTP/1.1[\r][\n]"
08:37:47.929 [main] DEBUG org.apache.http.wire -  >> "Authorization: Bearer eyJhbGciOiJIUzI1NiIsInR5cCI6IkpXVCJ9.eyJleHAiOjE2ODc1NjQxOTcsIm5hbWUiOiJLZW5kcmljayIsInJvbGUiOiJVc2VyIiwidXNlcl9pZCI6MTN9.p2Rdg1yWJH_349Z-51pSbx60sUkrEL6hEGPfRb2E0_o[\r][\n]"
08:37:47.929 [main] DEBUG org.apache.http.wire -  >> "Accept: */*[\r][\n]"
08:37:47.929 [main] DEBUG org.apache.http.wire -  >> "Content-Type: application/json[\r][\n]"
08:37:47.929 [main] DEBUG org.apache.http.wire -  >> "Content-Length: 220[\r][\n]"
08:37:47.929 [main] DEBUG org.apache.http.wire -  >> "Host: ec2-54-206-29-131.ap-southeast-2.compute.amazonaws.com:8000[\r][\n]"
08:37:47.929 [main] DEBUG org.apache.http.wire -  >> "Connection: Keep-Alive[\r][\n]"
08:37:47.929 [main] DEBUG org.apache.http.wire -  >> "User-Agent: Apache-HttpClient/4.5.13 (Java/11.0.12)[\r][\n]"
08:37:47.929 [main] DEBUG org.apache.http.wire -  >> "Accept-Encoding: gzip,deflate[\r][\n]"
08:37:47.929 [main] DEBUG org.apache.http.wire -  >> "[\r][\n]"
08:37:47.929 [main] DEBUG org.apache.http.headers - >> POST /threads HTTP/1.1
08:37:47.929 [main] DEBUG org.apache.http.headers - >> Authorization: Bearer eyJhbGciOiJIUzI1NiIsInR5cCI6IkpXVCJ9.eyJleHAiOjE2ODc1NjQxOTcsIm5hbWUiOiJLZW5kcmljayIsInJvbGUiOiJVc2VyIiwidXNlcl9pZCI6MTN9.p2Rdg1yWJH_349Z-51pSbx60sUkrEL6hEGPfRb2E0_o
08:37:47.929 [main] DEBUG org.apache.http.headers - >> Accept: */*
08:37:47.929 [main] DEBUG org.apache.http.headers - >> Content-Type: application/json
08:37:47.930 [main] DEBUG org.apache.http.headers - >> Content-Length: 220
08:37:47.930 [main] DEBUG org.apache.http.headers - >> Host: ec2-54-206-29-131.ap-southeast-2.compute.amazonaws.com:8000
08:37:47.930 [main] DEBUG org.apache.http.headers - >> Connection: Keep-Alive
08:37:47.930 [main] DEBUG org.apache.http.headers - >> User-Agent: Apache-HttpClient/4.5.13 (Java/11.0.12)
08:37:47.930 [main] DEBUG org.apache.http.headers - >> Accept-Encoding: gzip,deflate
08:37:47.930 [main] DEBUG org.apache.http.wire -  >> "{"file":"","user_id":1,"topic":"Humor","title":"Consider the Lilies","content":"Est neque veritatis nihil eos inventore. Earum modi voluptas repellendus excepturi voluptatem et. Quo ab beatae et unde. Explicabo non et."}"
08:37:48.055 [main] DEBUG org.apache.http.wire -  << "HTTP/1.1 200 OK[\r][\n]"
08:37:48.056 [main] DEBUG org.apache.http.wire -  << "Content-Type: application/json; charset=UTF-8[\r][\n]"
08:37:48.056 [main] DEBUG org.apache.http.wire -  << "Vary: Origin[\r][\n]"
08:37:48.056 [main] DEBUG org.apache.http.wire -  << "Vary: Origin[\r][\n]"
08:37:48.056 [main] DEBUG org.apache.http.wire -  << "Date: Fri, 23 Jun 2023 01:37:52 GMT[\r][\n]"
08:37:48.056 [main] DEBUG org.apache.http.wire -  << "Content-Length: 672[\r][\n]"
08:37:48.056 [main] DEBUG org.apache.http.wire -  << "[\r][\n]"
08:37:48.057 [main] DEBUG org.apache.http.impl.conn.DefaultClientConnection - Receiving response: HTTP/1.1 200 OK
08:37:48.057 [main] DEBUG org.apache.http.headers - << HTTP/1.1 200 OK
08:37:48.057 [main] DEBUG org.apache.http.headers - << Content-Type: application/json; charset=UTF-8
08:37:48.057 [main] DEBUG org.apache.http.headers - << Vary: Origin
08:37:48.057 [main] DEBUG org.apache.http.headers - << Vary: Origin
08:37:48.057 [main] DEBUG org.apache.http.headers - << Date: Fri, 23 Jun 2023 01:37:52 GMT
08:37:48.057 [main] DEBUG org.apache.http.headers - << Content-Length: 672
08:37:48.058 [main] DEBUG org.apache.http.impl.client.DefaultHttpClient - Connection can be kept alive indefinitely
08:37:48.061 [main] DEBUG io.restassured.internal.RestAssuredHttpBuilder - Parsing response as: application/json; charset=UTF-8
08:37:48.061 [main] DEBUG io.restassured.internal.RestAssuredHttpBuilder - Parsed data to instance of: class org.apache.http.conn.EofSensorInputStream
08:37:48.081 [main] DEBUG org.apache.http.wire -  << "{"data":{"ID":23,"CreatedAt":"2023-06-23T01:37:52.248Z","UpdatedAt":"2023-06-23T01:37:52.248Z","DeletedAt":null,"title":"Consider the Lilies","content":"Est neque veritatis nihil eos inventore. Earum modi voluptas repellendus excepturi voluptatem et. Quo ab beatae et unde. Explicabo non et.","file":"","user_id":13,"user":{"ID":13,"CreatedAt":"2023-06-22T22:10:38.52Z","UpdatedAt":"2023-06-23T01:09:09.89Z","DeletedAt":null,"username":"nafal","email":"nafal@gmail.com","password":"nafal123","image_url":"","age":10,"bio":"Penulis Buku","role":"user","threads":null,"Bookmarked":null},"comment":null,"BookmarkedUser":null,"like":null},"message":"success creating thread"}[\n]"
08:37:48.082 [main] DEBUG org.apache.http.impl.conn.BasicClientConnectionManager - Releasing connection org.apache.http.impl.conn.ManagedClientConnectionImpl@3ca3eba2
08:37:48.082 [main] DEBUG org.apache.http.impl.conn.BasicClientConnectionManager - Connection can be kept alive indefinitely
08:37:48.086 [main] DEBUG net.thucydides.core.steps.StepInterceptor - STEP DONE: I send POST HTTP request new thread
  &amp#27;[32mWhen &amp#27;[0m&amp#27;[32mI send POST HTTP request new thread&amp#27;[0m         &amp#27;[90m# starter.stepdefinitions.ThreadsSteps.sendPostHttpRequestNewThread()&amp#27;[0m
08:37:48.140 [main] DEBUG net.thucydides.core.steps.StepInterceptor - STARTING STEP: AuthUserSteps.receiveValidHttpResponseCode200 - I receive valid HTTP response code 200
08:37:48.156 [main] DEBUG net.thucydides.core.steps.StepInterceptor - STEP DONE: I receive valid HTTP response code 200
  &amp#27;[32mThen &amp#27;[0m&amp#27;[32mI receive valid HTTP response code 200&amp#27;[0m      &amp#27;[90m# starter.stepdefinitions.AuthUserSteps.receiveValidHttpResponseCode200()&amp#27;[0m
08:37:48.159 [main] DEBUG net.thucydides.core.steps.StepInterceptor - STARTING STEP: AuthUserSteps.receiveValidDataForResponseCode200 - I receive valid data for response code 200
08:37:48.248 [main] DEBUG net.thucydides.core.steps.StepInterceptor - STEP DONE: I receive valid data for response code 200
  &amp#27;[32mAnd &amp#27;[0m&amp#27;[32mI receive valid data for response code 200&amp#27;[0m   &amp#27;[90m# starter.stepdefinitions.AuthUserSteps.receiveValidDataForResponseCode200()&amp#27;[0m
08:37:48.250 [main] INFO  - 
  _____   ___   ___   _____     ___     _     ___   ___   ___   ___  
 |_   _| | __| / __| |_   _|   | _ \   /_\   / __| / __| | __| |   \ 
   | |   | _|  \__ \   | |     |  _/  / _ \  \__ \ \__ \ | _|  | |) |
   |_|   |___| |___/   |_|     |_|   /_/ \_\ |___/ |___/ |___| |___/ 

POST As a user I can create a new thread
----------------------------------------------------------------------
]]></system-out>
  </testcase>
  <testcase name="POST As a user I can&apos;t create new thread" classname="ManageThread" time="0.435">
    <system-out><![CDATA[
@Thread @T2
Scenario: POST As a user I can't create new thread  &amp#27;[90m# src/test/resources/api/ManageThread.feature:14&amp#27;[0m
08:37:48.265 [main] INFO io.cucumber.core.plugin.SerenityReporter - Running feature from file:///C:/Users/Nafal%20Adi%20SL/Documents/GitHub/Capstone-QE/test-automation-API/src/test/resources/api/ManageThread.feature
08:37:48.266 [main] WARN io.cucumber.core.plugin.SerenityReporter - Feature from file:///C:/Users/Nafal%20Adi%20SL/Documents/GitHub/Capstone-QE/test-automation-API/src/test/resources/api/ManageThread.feature is not under the 'features' directory. Requirements report will not be correctly generated!
08:37:48.268 [main] INFO  - 
  _____   ___   ___   _____     ___   _____     _     ___   _____   ___   ___  
 |_   _| | __| / __| |_   _|   / __| |_   _|   /_\   | _ \ |_   _| | __| |   \ 
   | |   | _|  \__ \   | |     \__ \   | |    / _ \  |   /   | |   | _|  | |) |
   |_|   |___| |___/   |_|     |___/   |_|   /_/ \_\ |_|_\   |_|   |___| |___/ 

POST As a user I can't create new thread(managethread;post-as-a-user-i-can-t-create-new-thread)
--------------------------------------------------------------------------------
08:37:48.289 [main] DEBUG net.thucydides.core.steps.StepInterceptor - STARTING STEP: ThreadsSteps.setPostApiEndpointsNewThreadInvalid - I set POST endpoints new thread invalid
08:37:48.290 [main] DEBUG net.thucydides.core.steps.StepInterceptor - STEP DONE: I set POST endpoints new thread invalid
  &amp#27;[32mGiven &amp#27;[0m&amp#27;[32mI set POST api endpoints new thread invalid&amp#27;[0m &amp#27;[90m# starter.stepdefinitions.ThreadsSteps.setPostApiEndpointsNewThreadInvalid()&amp#27;[0m
08:37:48.292 [main] DEBUG net.thucydides.core.steps.StepInterceptor - STARTING STEP: ThreadsSteps.sendPostHttpRequestNewThreadInvalid - I send POST HTTP request new thread invalid
08:37:48.312 [main] DEBUG net.thucydides.core.steps.StepInterceptor - STARTING STEP: PostTheads.sendPostHTTPRequestInvalid - I set POST endpoints new thread invalid
08:37:48.312 [main] DEBUG net.thucydides.core.steps.StepInterceptor - STEP DONE: I set POST endpoints new thread invalid
08:37:48.330 [main] DEBUG org.apache.http.impl.conn.BasicClientConnectionManager - Get connection for route {}->http://ec2-54-206-29-131.ap-southeast-2.compute.amazonaws.com:8000
08:37:48.330 [main] DEBUG org.apache.http.impl.conn.DefaultClientConnectionOperator - Connecting to ec2-54-206-29-131.ap-southeast-2.compute.amazonaws.com:8000
08:37:48.509 [main] DEBUG org.apache.http.client.protocol.RequestAddCookies - CookieSpec selected: ignoreCookies
08:37:48.509 [main] DEBUG org.apache.http.client.protocol.RequestAuthCache - Auth cache not set in the context
08:37:48.509 [main] DEBUG org.apache.http.client.protocol.RequestProxyAuthentication - Proxy auth state: UNCHALLENGED
08:37:48.509 [main] DEBUG org.apache.http.impl.client.DefaultHttpClient - Attempt 1 to execute request
08:37:48.509 [main] DEBUG org.apache.http.impl.conn.DefaultClientConnection - Sending request: POST /threads/1 HTTP/1.1
08:37:48.509 [main] DEBUG org.apache.http.wire -  >> "POST /threads/1 HTTP/1.1[\r][\n]"
08:37:48.509 [main] DEBUG org.apache.http.wire -  >> "Authorization: Bearer eyJhbGciOiJIUzI1NiIsInR5cCI6IkpXVCJ9.eyJleHAiOjE2ODc1NjQxOTcsIm5hbWUiOiJLZW5kcmljayIsInJvbGUiOiJVc2VyIiwidXNlcl9pZCI6MTN9.p2Rdg1yWJH_349Z-51pSbx60sUkrEL6hEGPfRb2E0_o[\r][\n]"
08:37:48.509 [main] DEBUG org.apache.http.wire -  >> "Accept: */*[\r][\n]"
08:37:48.510 [main] DEBUG org.apache.http.wire -  >> "Content-Type: application/json[\r][\n]"
08:37:48.510 [main] DEBUG org.apache.http.wire -  >> "Content-Length: 254[\r][\n]"
08:37:48.510 [main] DEBUG org.apache.http.wire -  >> "Host: ec2-54-206-29-131.ap-southeast-2.compute.amazonaws.com:8000[\r][\n]"
08:37:48.510 [main] DEBUG org.apache.http.wire -  >> "Connection: Keep-Alive[\r][\n]"
08:37:48.510 [main] DEBUG org.apache.http.wire -  >> "User-Agent: Apache-HttpClient/4.5.13 (Java/11.0.12)[\r][\n]"
08:37:48.510 [main] DEBUG org.apache.http.wire -  >> "Accept-Encoding: gzip,deflate[\r][\n]"
08:37:48.510 [main] DEBUG org.apache.http.wire -  >> "[\r][\n]"
08:37:48.510 [main] DEBUG org.apache.http.headers - >> POST /threads/1 HTTP/1.1
08:37:48.510 [main] DEBUG org.apache.http.headers - >> Authorization: Bearer eyJhbGciOiJIUzI1NiIsInR5cCI6IkpXVCJ9.eyJleHAiOjE2ODc1NjQxOTcsIm5hbWUiOiJLZW5kcmljayIsInJvbGUiOiJVc2VyIiwidXNlcl9pZCI6MTN9.p2Rdg1yWJH_349Z-51pSbx60sUkrEL6hEGPfRb2E0_o
08:37:48.510 [main] DEBUG org.apache.http.headers - >> Accept: */*
08:37:48.510 [main] DEBUG org.apache.http.headers - >> Content-Type: application/json
08:37:48.510 [main] DEBUG org.apache.http.headers - >> Content-Length: 254
08:37:48.510 [main] DEBUG org.apache.http.headers - >> Host: ec2-54-206-29-131.ap-southeast-2.compute.amazonaws.com:8000
08:37:48.510 [main] DEBUG org.apache.http.headers - >> Connection: Keep-Alive
08:37:48.510 [main] DEBUG org.apache.http.headers - >> User-Agent: Apache-HttpClient/4.5.13 (Java/11.0.12)
08:37:48.510 [main] DEBUG org.apache.http.headers - >> Accept-Encoding: gzip,deflate
08:37:48.510 [main] DEBUG org.apache.http.wire -  >> "{"file":"","user_id":1,"topic":"Classic","title":"In a Dry Season","content":"Ea aut alias. Quia nemo dolorem veniam. Quod vel velit ex voluptas amet magni. Ullam eum voluptas consequatur dolores provident quae. Sed mollitia nisi fugit fugit inventore."}"
08:37:48.676 [main] DEBUG org.apache.http.wire -  << "HTTP/1.1 404 Not Found[\r][\n]"
08:37:48.676 [main] DEBUG org.apache.http.wire -  << "Content-Type: application/json; charset=UTF-8[\r][\n]"
08:37:48.676 [main] DEBUG org.apache.http.wire -  << "Vary: Origin[\r][\n]"
08:37:48.676 [main] DEBUG org.apache.http.wire -  << "Vary: Origin[\r][\n]"
08:37:48.676 [main] DEBUG org.apache.http.wire -  << "Date: Fri, 23 Jun 2023 01:37:52 GMT[\r][\n]"
08:37:48.676 [main] DEBUG org.apache.http.wire -  << "Content-Length: 24[\r][\n]"
08:37:48.676 [main] DEBUG org.apache.http.wire -  << "[\r][\n]"
08:37:48.676 [main] DEBUG org.apache.http.impl.conn.DefaultClientConnection - Receiving response: HTTP/1.1 404 Not Found
08:37:48.676 [main] DEBUG org.apache.http.headers - << HTTP/1.1 404 Not Found
08:37:48.676 [main] DEBUG org.apache.http.headers - << Content-Type: application/json; charset=UTF-8
08:37:48.677 [main] DEBUG org.apache.http.headers - << Vary: Origin
08:37:48.677 [main] DEBUG org.apache.http.headers - << Vary: Origin
08:37:48.677 [main] DEBUG org.apache.http.headers - << Date: Fri, 23 Jun 2023 01:37:52 GMT
08:37:48.677 [main] DEBUG org.apache.http.headers - << Content-Length: 24
08:37:48.677 [main] DEBUG org.apache.http.impl.client.DefaultHttpClient - Connection can be kept alive indefinitely
08:37:48.677 [main] DEBUG io.restassured.internal.RestAssuredHttpBuilder - Parsing response as: application/json; charset=UTF-8
08:37:48.677 [main] DEBUG io.restassured.internal.RestAssuredHttpBuilder - Parsed data to instance of: class org.apache.http.conn.EofSensorInputStream
08:37:48.679 [main] DEBUG org.apache.http.wire -  << "{"message":"Not Found"}[\n]"
08:37:48.679 [main] DEBUG org.apache.http.impl.conn.BasicClientConnectionManager - Releasing connection org.apache.http.impl.conn.ManagedClientConnectionImpl@288b8663
08:37:48.679 [main] DEBUG org.apache.http.impl.conn.BasicClientConnectionManager - Connection can be kept alive indefinitely
08:37:48.679 [main] DEBUG net.thucydides.core.steps.StepInterceptor - STEP DONE: I send POST HTTP request new thread invalid
  &amp#27;[32mWhen &amp#27;[0m&amp#27;[32mI send POST HTTP request new thread invalid&amp#27;[0m  &amp#27;[90m# starter.stepdefinitions.ThreadsSteps.sendPostHttpRequestNewThreadInvalid()&amp#27;[0m
08:37:48.682 [main] DEBUG net.thucydides.core.steps.StepInterceptor - STARTING STEP: ThreadsSteps.receiveHttpResponseCode404 - I receive valid HTTP response code 404
08:37:48.682 [main] DEBUG net.thucydides.core.steps.StepInterceptor - STEP DONE: I receive valid HTTP response code 404
  &amp#27;[32mThen &amp#27;[0m&amp#27;[32mI receive valid HTTP response code 404&amp#27;[0m       &amp#27;[90m# starter.stepdefinitions.ThreadsSteps.receiveHttpResponseCode404()&amp#27;[0m
08:37:48.684 [main] DEBUG net.thucydides.core.steps.StepInterceptor - STARTING STEP: ThreadsSteps.receiveValidDataForResponseCode404 - I receive valid data for response code 404
08:37:48.686 [main] DEBUG net.thucydides.core.steps.StepInterceptor - STEP DONE: I receive valid data for response code 404
  &amp#27;[32mAnd &amp#27;[0m&amp#27;[32mI receive valid data for response code 404&amp#27;[0m    &amp#27;[90m# starter.stepdefinitions.ThreadsSteps.receiveValidDataForResponseCode404()&amp#27;[0m
08:37:48.687 [main] INFO  - 
  _____   ___   ___   _____     ___     _     ___   ___   ___   ___  
 |_   _| | __| / __| |_   _|   | _ \   /_\   / __| / __| | __| |   \ 
   | |   | _|  \__ \   | |     |  _/  / _ \  \__ \ \__ \ | _|  | |) |
   |_|   |___| |___/   |_|     |_|   /_/ \_\ |___/ |___/ |___| |___/ 

POST As a user I can't create new thread
----------------------------------------------------------------------
]]></system-out>
  </testcase>
  <testcase name="GET As a user I can get all threads" classname="ManageThread" time="0.326">
    <system-out><![CDATA[
@Thread @T3
Scenario: GET As a user I can get all threads    &amp#27;[90m# src/test/resources/api/ManageThread.feature:22&amp#27;[0m
08:37:48.699 [main] INFO io.cucumber.core.plugin.SerenityReporter - Running feature from file:///C:/Users/Nafal%20Adi%20SL/Documents/GitHub/Capstone-QE/test-automation-API/src/test/resources/api/ManageThread.feature
08:37:48.699 [main] WARN io.cucumber.core.plugin.SerenityReporter - Feature from file:///C:/Users/Nafal%20Adi%20SL/Documents/GitHub/Capstone-QE/test-automation-API/src/test/resources/api/ManageThread.feature is not under the 'features' directory. Requirements report will not be correctly generated!
08:37:48.700 [main] INFO  - 
  _____   ___   ___   _____     ___   _____     _     ___   _____   ___   ___  
 |_   _| | __| / __| |_   _|   / __| |_   _|   /_\   | _ \ |_   _| | __| |   \ 
   | |   | _|  \__ \   | |     \__ \   | |    / _ \  |   /   | |   | _|  | |) |
   |_|   |___| |___/   |_|     |___/   |_|   /_/ \_\ |_|_\   |_|   |___| |___/ 

GET As a user I can get all threads(managethread;get-as-a-user-i-can-get-all-threads)
--------------------------------------------------------------------------------
08:37:48.718 [main] DEBUG net.thucydides.core.steps.StepInterceptor - STARTING STEP: ThreadsSteps.setGetApiEndpointsAllThreads - I set GET api endpoints all threads
08:37:48.718 [main] DEBUG net.thucydides.core.steps.StepInterceptor - STEP DONE: I set GET api endpoints all threads
  &amp#27;[32mGiven &amp#27;[0m&amp#27;[32mI set GET api endpoints all threads&amp#27;[0m      &amp#27;[90m# starter.stepdefinitions.ThreadsSteps.setGetApiEndpointsAllThreads()&amp#27;[0m
08:37:48.721 [main] DEBUG net.thucydides.core.steps.StepInterceptor - STARTING STEP: ThreadsSteps.sendGetHttpRequestAllThreads - I send GET HTTP request all threads
08:37:48.722 [main] DEBUG net.thucydides.core.steps.StepInterceptor - STARTING STEP: GetTheadsAll.sendGetHttpRequest - I set GET api endpoints all threads
08:37:48.722 [main] DEBUG net.thucydides.core.steps.StepInterceptor - STEP DONE: I set GET api endpoints all threads
08:37:48.740 [main] DEBUG org.apache.http.impl.conn.BasicClientConnectionManager - Get connection for route {}->http://ec2-54-206-29-131.ap-southeast-2.compute.amazonaws.com:8000
08:37:48.740 [main] DEBUG org.apache.http.impl.conn.DefaultClientConnectionOperator - Connecting to ec2-54-206-29-131.ap-southeast-2.compute.amazonaws.com:8000
08:37:48.864 [main] DEBUG org.apache.http.client.protocol.RequestAddCookies - CookieSpec selected: ignoreCookies
08:37:48.864 [main] DEBUG org.apache.http.client.protocol.RequestAuthCache - Auth cache not set in the context
08:37:48.864 [main] DEBUG org.apache.http.client.protocol.RequestProxyAuthentication - Proxy auth state: UNCHALLENGED
08:37:48.864 [main] DEBUG org.apache.http.impl.client.DefaultHttpClient - Attempt 1 to execute request
08:37:48.864 [main] DEBUG org.apache.http.impl.conn.DefaultClientConnection - Sending request: GET /Allthreads HTTP/1.1
08:37:48.864 [main] DEBUG org.apache.http.wire -  >> "GET /Allthreads HTTP/1.1[\r][\n]"
08:37:48.864 [main] DEBUG org.apache.http.wire -  >> "Authorization: Bearer eyJhbGciOiJIUzI1NiIsInR5cCI6IkpXVCJ9.eyJleHAiOjE2ODc1NjQxOTcsIm5hbWUiOiJLZW5kcmljayIsInJvbGUiOiJVc2VyIiwidXNlcl9pZCI6MTN9.p2Rdg1yWJH_349Z-51pSbx60sUkrEL6hEGPfRb2E0_o[\r][\n]"
08:37:48.864 [main] DEBUG org.apache.http.wire -  >> "Accept: */*[\r][\n]"
08:37:48.864 [main] DEBUG org.apache.http.wire -  >> "Host: ec2-54-206-29-131.ap-southeast-2.compute.amazonaws.com:8000[\r][\n]"
08:37:48.864 [main] DEBUG org.apache.http.wire -  >> "Connection: Keep-Alive[\r][\n]"
08:37:48.864 [main] DEBUG org.apache.http.wire -  >> "User-Agent: Apache-HttpClient/4.5.13 (Java/11.0.12)[\r][\n]"
08:37:48.864 [main] DEBUG org.apache.http.wire -  >> "Accept-Encoding: gzip,deflate[\r][\n]"
08:37:48.864 [main] DEBUG org.apache.http.wire -  >> "[\r][\n]"
08:37:48.864 [main] DEBUG org.apache.http.headers - >> GET /Allthreads HTTP/1.1
08:37:48.864 [main] DEBUG org.apache.http.headers - >> Authorization: Bearer eyJhbGciOiJIUzI1NiIsInR5cCI6IkpXVCJ9.eyJleHAiOjE2ODc1NjQxOTcsIm5hbWUiOiJLZW5kcmljayIsInJvbGUiOiJVc2VyIiwidXNlcl9pZCI6MTN9.p2Rdg1yWJH_349Z-51pSbx60sUkrEL6hEGPfRb2E0_o
08:37:48.864 [main] DEBUG org.apache.http.headers - >> Accept: */*
08:37:48.864 [main] DEBUG org.apache.http.headers - >> Host: ec2-54-206-29-131.ap-southeast-2.compute.amazonaws.com:8000
08:37:48.864 [main] DEBUG org.apache.http.headers - >> Connection: Keep-Alive
08:37:48.864 [main] DEBUG org.apache.http.headers - >> User-Agent: Apache-HttpClient/4.5.13 (Java/11.0.12)
08:37:48.864 [main] DEBUG org.apache.http.headers - >> Accept-Encoding: gzip,deflate
08:37:48.986 [main] DEBUG org.apache.http.wire -  << "HTTP/1.1 200 OK[\r][\n]"
08:37:48.986 [main] DEBUG org.apache.http.wire -  << "Content-Type: application/json; charset=UTF-8[\r][\n]"
08:37:48.986 [main] DEBUG org.apache.http.wire -  << "Vary: Origin[\r][\n]"
08:37:48.986 [main] DEBUG org.apache.http.wire -  << "Vary: Origin[\r][\n]"
08:37:48.986 [main] DEBUG org.apache.http.wire -  << "Date: Fri, 23 Jun 2023 01:37:53 GMT[\r][\n]"
08:37:48.986 [main] DEBUG org.apache.http.wire -  << "Content-Length: 1803[\r][\n]"
08:37:48.986 [main] DEBUG org.apache.http.wire -  << "[\r][\n]"
08:37:48.986 [main] DEBUG org.apache.http.impl.conn.DefaultClientConnection - Receiving response: HTTP/1.1 200 OK
08:37:48.987 [main] DEBUG org.apache.http.headers - << HTTP/1.1 200 OK
08:37:48.987 [main] DEBUG org.apache.http.headers - << Content-Type: application/json; charset=UTF-8
08:37:48.987 [main] DEBUG org.apache.http.headers - << Vary: Origin
08:37:48.987 [main] DEBUG org.apache.http.headers - << Vary: Origin
08:37:48.987 [main] DEBUG org.apache.http.headers - << Date: Fri, 23 Jun 2023 01:37:53 GMT
08:37:48.987 [main] DEBUG org.apache.http.headers - << Content-Length: 1803
08:37:48.987 [main] DEBUG org.apache.http.impl.client.DefaultHttpClient - Connection can be kept alive indefinitely
08:37:48.987 [main] DEBUG io.restassured.internal.RestAssuredHttpBuilder - Parsing response as: application/json; charset=UTF-8
08:37:48.987 [main] DEBUG io.restassured.internal.RestAssuredHttpBuilder - Parsed data to instance of: class org.apache.http.conn.EofSensorInputStream
08:37:48.989 [main] DEBUG org.apache.http.wire -  << "{"data":[{"ID":11,"title":"An Instant In The Wind","content":"Omnis distinctio ab dicta. Est autem omnis nihil ducimus facere. Nulla at veniam alias.","file":"","user_id":1,"user":{"ID":0,"username":"","email":"","password":"","image_url":"","age":0,"bio":""}},{"ID":12,"title":"1952","content":"wb","file":"","user_id":1,"user":{"ID":0,"username":"","email":"","password":"","image_url":"","age":0,"bio":""}},{"ID":13,"title":"test baru","content":"lormllrmlorm","file":"","user_id":3,"user":{"ID":3,"username":"test","email":"test1@gmail.com","password":"test123","image_url":"","age":15,"bio":"pencoba"}},{"ID":14,"title":"Bulan Purnama","content":"wb","file":"","user_id":8,"user":{"ID":8,"username":"wahyu","email":"ajeng25@gmail.com","password":"wahyu123","image_url":"","age":10,"bio":"penulis buku"}},{"ID":15,"title":"Bulan Purnama Senja","content":"Fantasi","file":"","user_id":8,"user":{"ID":8,"username":"wahyu","email":"ajeng25@gmail.com","password":"wahyu123","image_url":"","age":10,"bio":"penulis buku"}},{"ID":22,"title":"A Darkling Plain","content":"Consequatur aut sequi. Amet in et et earum voluptatem qui. Maiores accusamus quia asperiores ut consequatur sint labore. Ipsam et nemo odio ullam enim. Minima quod minus dolores aliquid nihil.","file":"","user_id":13,"user":{"ID":13,"username":"nafal","email":"nafal@gmail.com","password":"nafal123","image_url":"","age":10,"bio":"Penulis Buku"}},{"ID":23,"title":"Consider the Lilies","content":"Est neque veritatis nihil eos inventore. Earum modi voluptas repellendus excepturi voluptatem et. Quo ab beatae et unde. Explicabo non et.","file":"","user_id":13,"user":{"ID":13,"username":"nafal","email":"nafal@gmail.com","password":"nafal123","image_url":"","age":10,"bio":"Penulis Buku"}}],"message":"Success: Retrieved all threads"}[\n]"
08:37:48.990 [main] DEBUG org.apache.http.impl.conn.BasicClientConnectionManager - Releasing connection org.apache.http.impl.conn.ManagedClientConnectionImpl@73417494
08:37:48.990 [main] DEBUG org.apache.http.impl.conn.BasicClientConnectionManager - Connection can be kept alive indefinitely
08:37:48.992 [main] DEBUG net.thucydides.core.steps.StepInterceptor - STEP DONE: I send GET HTTP request all threads
  &amp#27;[32mWhen &amp#27;[0m&amp#27;[32mI send GET HTTP request all threads&amp#27;[0m       &amp#27;[90m# starter.stepdefinitions.ThreadsSteps.sendGetHttpRequestAllThreads()&amp#27;[0m
08:37:49.001 [main] DEBUG net.thucydides.core.steps.StepInterceptor - STARTING STEP: AuthUserSteps.receiveValidHttpResponseCode200 - I receive valid HTTP response code 200
08:37:49.002 [main] DEBUG net.thucydides.core.steps.StepInterceptor - STEP DONE: I receive valid HTTP response code 200
  &amp#27;[32mThen &amp#27;[0m&amp#27;[32mI receive valid HTTP response code 200&amp#27;[0m    &amp#27;[90m# starter.stepdefinitions.AuthUserSteps.receiveValidHttpResponseCode200()&amp#27;[0m
08:37:49.005 [main] DEBUG net.thucydides.core.steps.StepInterceptor - STARTING STEP: AuthUserSteps.receiveValidDataForResponseCode200 - I receive valid data for response code 200
08:37:49.011 [main] DEBUG net.thucydides.core.steps.StepInterceptor - STEP DONE: I receive valid data for response code 200
  &amp#27;[32mAnd &amp#27;[0m&amp#27;[32mI receive valid data for response code 200&amp#27;[0m &amp#27;[90m# starter.stepdefinitions.AuthUserSteps.receiveValidDataForResponseCode200()&amp#27;[0m
08:37:49.014 [main] INFO  - 
  _____   ___   ___   _____     ___     _     ___   ___   ___   ___  
 |_   _| | __| / __| |_   _|   | _ \   /_\   / __| / __| | __| |   \ 
   | |   | _|  \__ \   | |     |  _/  / _ \  \__ \ \__ \ | _|  | |) |
   |_|   |___| |___/   |_|     |_|   /_/ \_\ |___/ |___/ |___| |___/ 

GET As a user I can get all threads
----------------------------------------------------------------------
]]></system-out>
  </testcase>
  <testcase name="GET As a user I can&apos;t get all threads" classname="ManageThread" time="0.288">
    <system-out><![CDATA[
@Thread @T4
Scenario: GET As a user I can't get all threads     &amp#27;[90m# src/test/resources/api/ManageThread.feature:29&amp#27;[0m
08:37:49.024 [main] INFO io.cucumber.core.plugin.SerenityReporter - Running feature from file:///C:/Users/Nafal%20Adi%20SL/Documents/GitHub/Capstone-QE/test-automation-API/src/test/resources/api/ManageThread.feature
08:37:49.024 [main] WARN io.cucumber.core.plugin.SerenityReporter - Feature from file:///C:/Users/Nafal%20Adi%20SL/Documents/GitHub/Capstone-QE/test-automation-API/src/test/resources/api/ManageThread.feature is not under the 'features' directory. Requirements report will not be correctly generated!
08:37:49.025 [main] INFO  - 
  _____   ___   ___   _____     ___   _____     _     ___   _____   ___   ___  
 |_   _| | __| / __| |_   _|   / __| |_   _|   /_\   | _ \ |_   _| | __| |   \ 
   | |   | _|  \__ \   | |     \__ \   | |    / _ \  |   /   | |   | _|  | |) |
   |_|   |___| |___/   |_|     |___/   |_|   /_/ \_\ |_|_\   |_|   |___| |___/ 

GET As a user I can't get all threads(managethread;get-as-a-user-i-can-t-get-all-threads)
--------------------------------------------------------------------------------
08:37:49.041 [main] DEBUG net.thucydides.core.steps.StepInterceptor - STARTING STEP: ThreadsSteps.setGetApiEndpointsAllThreadsInvalid - I set GET api endpoints all threads invalid
08:37:49.041 [main] DEBUG net.thucydides.core.steps.StepInterceptor - STEP DONE: I set GET api endpoints all threads invalid
  &amp#27;[32mGiven &amp#27;[0m&amp#27;[32mI set GET api endpoints all threads invalid&amp#27;[0m &amp#27;[90m# starter.stepdefinitions.ThreadsSteps.setGetApiEndpointsAllThreadsInvalid()&amp#27;[0m
08:37:49.043 [main] DEBUG net.thucydides.core.steps.StepInterceptor - STARTING STEP: ThreadsSteps.sendGetHttpRequestAllThreadsInvalid - I send GET HTTP request all threads invalid
08:37:49.045 [main] DEBUG net.thucydides.core.steps.StepInterceptor - STARTING STEP: GetTheadsAll.sendGetHttpRequestInvalid - I set GET api endpoints all threads invalid
08:37:49.045 [main] DEBUG net.thucydides.core.steps.StepInterceptor - STEP DONE: I set GET api endpoints all threads invalid
08:37:49.054 [main] DEBUG org.apache.http.impl.conn.BasicClientConnectionManager - Get connection for route {}->http://ec2-54-206-29-131.ap-southeast-2.compute.amazonaws.com:8000
08:37:49.055 [main] DEBUG org.apache.http.impl.conn.DefaultClientConnectionOperator - Connecting to ec2-54-206-29-131.ap-southeast-2.compute.amazonaws.com:8000
08:37:49.174 [main] DEBUG org.apache.http.client.protocol.RequestAddCookies - CookieSpec selected: ignoreCookies
08:37:49.174 [main] DEBUG org.apache.http.client.protocol.RequestAuthCache - Auth cache not set in the context
08:37:49.175 [main] DEBUG org.apache.http.client.protocol.RequestProxyAuthentication - Proxy auth state: UNCHALLENGED
08:37:49.175 [main] DEBUG org.apache.http.impl.client.DefaultHttpClient - Attempt 1 to execute request
08:37:49.175 [main] DEBUG org.apache.http.impl.conn.DefaultClientConnection - Sending request: GET /Allthreadss HTTP/1.1
08:37:49.175 [main] DEBUG org.apache.http.wire -  >> "GET /Allthreadss HTTP/1.1[\r][\n]"
08:37:49.175 [main] DEBUG org.apache.http.wire -  >> "Authorization: Bearer eyJhbGciOiJIUzI1NiIsInR5cCI6IkpXVCJ9.eyJleHAiOjE2ODc1NjQxOTcsIm5hbWUiOiJLZW5kcmljayIsInJvbGUiOiJVc2VyIiwidXNlcl9pZCI6MTN9.p2Rdg1yWJH_349Z-51pSbx60sUkrEL6hEGPfRb2E0_o[\r][\n]"
08:37:49.175 [main] DEBUG org.apache.http.wire -  >> "Accept: */*[\r][\n]"
08:37:49.175 [main] DEBUG org.apache.http.wire -  >> "Host: ec2-54-206-29-131.ap-southeast-2.compute.amazonaws.com:8000[\r][\n]"
08:37:49.175 [main] DEBUG org.apache.http.wire -  >> "Connection: Keep-Alive[\r][\n]"
08:37:49.175 [main] DEBUG org.apache.http.wire -  >> "User-Agent: Apache-HttpClient/4.5.13 (Java/11.0.12)[\r][\n]"
08:37:49.175 [main] DEBUG org.apache.http.wire -  >> "Accept-Encoding: gzip,deflate[\r][\n]"
08:37:49.175 [main] DEBUG org.apache.http.wire -  >> "[\r][\n]"
08:37:49.175 [main] DEBUG org.apache.http.headers - >> GET /Allthreadss HTTP/1.1
08:37:49.175 [main] DEBUG org.apache.http.headers - >> Authorization: Bearer eyJhbGciOiJIUzI1NiIsInR5cCI6IkpXVCJ9.eyJleHAiOjE2ODc1NjQxOTcsIm5hbWUiOiJLZW5kcmljayIsInJvbGUiOiJVc2VyIiwidXNlcl9pZCI6MTN9.p2Rdg1yWJH_349Z-51pSbx60sUkrEL6hEGPfRb2E0_o
08:37:49.175 [main] DEBUG org.apache.http.headers - >> Accept: */*
08:37:49.175 [main] DEBUG org.apache.http.headers - >> Host: ec2-54-206-29-131.ap-southeast-2.compute.amazonaws.com:8000
08:37:49.175 [main] DEBUG org.apache.http.headers - >> Connection: Keep-Alive
08:37:49.175 [main] DEBUG org.apache.http.headers - >> User-Agent: Apache-HttpClient/4.5.13 (Java/11.0.12)
08:37:49.175 [main] DEBUG org.apache.http.headers - >> Accept-Encoding: gzip,deflate
08:37:49.292 [main] DEBUG org.apache.http.wire -  << "HTTP/1.1 404 Not Found[\r][\n]"
08:37:49.292 [main] DEBUG org.apache.http.wire -  << "Content-Type: application/json; charset=UTF-8[\r][\n]"
08:37:49.292 [main] DEBUG org.apache.http.wire -  << "Vary: Origin[\r][\n]"
08:37:49.292 [main] DEBUG org.apache.http.wire -  << "Vary: Origin[\r][\n]"
08:37:49.292 [main] DEBUG org.apache.http.wire -  << "Date: Fri, 23 Jun 2023 01:37:53 GMT[\r][\n]"
08:37:49.292 [main] DEBUG org.apache.http.wire -  << "Content-Length: 24[\r][\n]"
08:37:49.292 [main] DEBUG org.apache.http.wire -  << "[\r][\n]"
08:37:49.292 [main] DEBUG org.apache.http.impl.conn.DefaultClientConnection - Receiving response: HTTP/1.1 404 Not Found
08:37:49.292 [main] DEBUG org.apache.http.headers - << HTTP/1.1 404 Not Found
08:37:49.292 [main] DEBUG org.apache.http.headers - << Content-Type: application/json; charset=UTF-8
08:37:49.292 [main] DEBUG org.apache.http.headers - << Vary: Origin
08:37:49.292 [main] DEBUG org.apache.http.headers - << Vary: Origin
08:37:49.292 [main] DEBUG org.apache.http.headers - << Date: Fri, 23 Jun 2023 01:37:53 GMT
08:37:49.292 [main] DEBUG org.apache.http.headers - << Content-Length: 24
08:37:49.293 [main] DEBUG org.apache.http.impl.client.DefaultHttpClient - Connection can be kept alive indefinitely
08:37:49.293 [main] DEBUG io.restassured.internal.RestAssuredHttpBuilder - Parsing response as: application/json; charset=UTF-8
08:37:49.293 [main] DEBUG io.restassured.internal.RestAssuredHttpBuilder - Parsed data to instance of: class org.apache.http.conn.EofSensorInputStream
08:37:49.294 [main] DEBUG org.apache.http.wire -  << "{"message":"Not Found"}[\n]"
08:37:49.294 [main] DEBUG org.apache.http.impl.conn.BasicClientConnectionManager - Releasing connection org.apache.http.impl.conn.ManagedClientConnectionImpl@6a6a3fc4
08:37:49.294 [main] DEBUG org.apache.http.impl.conn.BasicClientConnectionManager - Connection can be kept alive indefinitely
08:37:49.294 [main] DEBUG net.thucydides.core.steps.StepInterceptor - STEP DONE: I send GET HTTP request all threads invalid
  &amp#27;[32mWhen &amp#27;[0m&amp#27;[32mI send GET HTTP request all threads invalid&amp#27;[0m  &amp#27;[90m# starter.stepdefinitions.ThreadsSteps.sendGetHttpRequestAllThreadsInvalid()&amp#27;[0m
08:37:49.296 [main] DEBUG net.thucydides.core.steps.StepInterceptor - STARTING STEP: ThreadsSteps.receiveHttpResponseCode404 - I receive valid HTTP response code 404
08:37:49.297 [main] DEBUG net.thucydides.core.steps.StepInterceptor - STEP DONE: I receive valid HTTP response code 404
  &amp#27;[32mThen &amp#27;[0m&amp#27;[32mI receive valid HTTP response code 404&amp#27;[0m       &amp#27;[90m# starter.stepdefinitions.ThreadsSteps.receiveHttpResponseCode404()&amp#27;[0m
08:37:49.299 [main] DEBUG net.thucydides.core.steps.StepInterceptor - STARTING STEP: ThreadsSteps.receiveValidDataForResponseCode404 - I receive valid data for response code 404
08:37:49.300 [main] DEBUG net.thucydides.core.steps.StepInterceptor - STEP DONE: I receive valid data for response code 404
  &amp#27;[32mAnd &amp#27;[0m&amp#27;[32mI receive valid data for response code 404&amp#27;[0m    &amp#27;[90m# starter.stepdefinitions.ThreadsSteps.receiveValidDataForResponseCode404()&amp#27;[0m
08:37:49.302 [main] INFO  - 
  _____   ___   ___   _____     ___     _     ___   ___   ___   ___  
 |_   _| | __| / __| |_   _|   | _ \   /_\   / __| / __| | __| |   \ 
   | |   | _|  \__ \   | |     |  _/  / _ \  \__ \ \__ \ | _|  | |) |
   |_|   |___| |___/   |_|     |_|   /_/ \_\ |___/ |___/ |___| |___/ 

GET As a user I can't get all threads
----------------------------------------------------------------------
]]></system-out>
  </testcase>
  <testcase name="GET As a user I can get thread by id" classname="ManageThread" time="0.285">
    <system-out><![CDATA[
@Thread @T5
Scenario: GET As a user I can get thread by id   &amp#27;[90m# src/test/resources/api/ManageThread.feature:37&amp#27;[0m
08:37:49.310 [main] INFO io.cucumber.core.plugin.SerenityReporter - Running feature from file:///C:/Users/Nafal%20Adi%20SL/Documents/GitHub/Capstone-QE/test-automation-API/src/test/resources/api/ManageThread.feature
08:37:49.310 [main] WARN io.cucumber.core.plugin.SerenityReporter - Feature from file:///C:/Users/Nafal%20Adi%20SL/Documents/GitHub/Capstone-QE/test-automation-API/src/test/resources/api/ManageThread.feature is not under the 'features' directory. Requirements report will not be correctly generated!
08:37:49.312 [main] INFO  - 
  _____   ___   ___   _____     ___   _____     _     ___   _____   ___   ___  
 |_   _| | __| / __| |_   _|   / __| |_   _|   /_\   | _ \ |_   _| | __| |   \ 
   | |   | _|  \__ \   | |     \__ \   | |    / _ \  |   /   | |   | _|  | |) |
   |_|   |___| |___/   |_|     |___/   |_|   /_/ \_\ |_|_\   |_|   |___| |___/ 

GET As a user I can get thread by id(managethread;get-as-a-user-i-can-get-thread-by-id)
--------------------------------------------------------------------------------
08:37:49.325 [main] DEBUG net.thucydides.core.steps.StepInterceptor - STARTING STEP: ThreadsSteps.setGetApiEndpointsById - I set GET api endpoints thread by id
08:37:49.325 [main] DEBUG net.thucydides.core.steps.StepInterceptor - STEP DONE: I set GET api endpoints thread by id
  &amp#27;[32mGiven &amp#27;[0m&amp#27;[32mI set GET api endpoints thread by id&amp#27;[0m     &amp#27;[90m# starter.stepdefinitions.ThreadsSteps.setGetApiEndpointsById()&amp#27;[0m
08:37:49.327 [main] DEBUG net.thucydides.core.steps.StepInterceptor - STARTING STEP: ThreadsSteps.sendGetHttpRequestById - I send GET HTTP request thread by id
08:37:49.328 [main] DEBUG net.thucydides.core.steps.StepInterceptor - STARTING STEP: GetThreadsId.sendGetHttpRequest - I set GET api endpoints thread by id
08:37:49.328 [main] DEBUG net.thucydides.core.steps.StepInterceptor - STEP DONE: I set GET api endpoints thread by id
08:37:49.336 [main] DEBUG org.apache.http.impl.conn.BasicClientConnectionManager - Get connection for route {}->http://ec2-54-206-29-131.ap-southeast-2.compute.amazonaws.com:8000
08:37:49.337 [main] DEBUG org.apache.http.impl.conn.DefaultClientConnectionOperator - Connecting to ec2-54-206-29-131.ap-southeast-2.compute.amazonaws.com:8000
08:37:49.452 [main] DEBUG org.apache.http.client.protocol.RequestAddCookies - CookieSpec selected: ignoreCookies
08:37:49.452 [main] DEBUG org.apache.http.client.protocol.RequestAuthCache - Auth cache not set in the context
08:37:49.452 [main] DEBUG org.apache.http.client.protocol.RequestProxyAuthentication - Proxy auth state: UNCHALLENGED
08:37:49.452 [main] DEBUG org.apache.http.impl.client.DefaultHttpClient - Attempt 1 to execute request
08:37:49.452 [main] DEBUG org.apache.http.impl.conn.DefaultClientConnection - Sending request: GET /threads/11 HTTP/1.1
08:37:49.453 [main] DEBUG org.apache.http.wire -  >> "GET /threads/11 HTTP/1.1[\r][\n]"
08:37:49.453 [main] DEBUG org.apache.http.wire -  >> "Authorization: Bearer eyJhbGciOiJIUzI1NiIsInR5cCI6IkpXVCJ9.eyJleHAiOjE2ODc1NjQxOTcsIm5hbWUiOiJLZW5kcmljayIsInJvbGUiOiJVc2VyIiwidXNlcl9pZCI6MTN9.p2Rdg1yWJH_349Z-51pSbx60sUkrEL6hEGPfRb2E0_o[\r][\n]"
08:37:49.453 [main] DEBUG org.apache.http.wire -  >> "Accept: */*[\r][\n]"
08:37:49.453 [main] DEBUG org.apache.http.wire -  >> "Host: ec2-54-206-29-131.ap-southeast-2.compute.amazonaws.com:8000[\r][\n]"
08:37:49.453 [main] DEBUG org.apache.http.wire -  >> "Connection: Keep-Alive[\r][\n]"
08:37:49.453 [main] DEBUG org.apache.http.wire -  >> "User-Agent: Apache-HttpClient/4.5.13 (Java/11.0.12)[\r][\n]"
08:37:49.453 [main] DEBUG org.apache.http.wire -  >> "Accept-Encoding: gzip,deflate[\r][\n]"
08:37:49.453 [main] DEBUG org.apache.http.wire -  >> "[\r][\n]"
08:37:49.453 [main] DEBUG org.apache.http.headers - >> GET /threads/11 HTTP/1.1
08:37:49.453 [main] DEBUG org.apache.http.headers - >> Authorization: Bearer eyJhbGciOiJIUzI1NiIsInR5cCI6IkpXVCJ9.eyJleHAiOjE2ODc1NjQxOTcsIm5hbWUiOiJLZW5kcmljayIsInJvbGUiOiJVc2VyIiwidXNlcl9pZCI6MTN9.p2Rdg1yWJH_349Z-51pSbx60sUkrEL6hEGPfRb2E0_o
08:37:49.453 [main] DEBUG org.apache.http.headers - >> Accept: */*
08:37:49.453 [main] DEBUG org.apache.http.headers - >> Host: ec2-54-206-29-131.ap-southeast-2.compute.amazonaws.com:8000
08:37:49.453 [main] DEBUG org.apache.http.headers - >> Connection: Keep-Alive
08:37:49.453 [main] DEBUG org.apache.http.headers - >> User-Agent: Apache-HttpClient/4.5.13 (Java/11.0.12)
08:37:49.453 [main] DEBUG org.apache.http.headers - >> Accept-Encoding: gzip,deflate
08:37:49.571 [main] DEBUG org.apache.http.wire -  << "HTTP/1.1 200 OK[\r][\n]"
08:37:49.571 [main] DEBUG org.apache.http.wire -  << "Content-Type: application/json; charset=UTF-8[\r][\n]"
08:37:49.571 [main] DEBUG org.apache.http.wire -  << "Vary: Origin[\r][\n]"
08:37:49.571 [main] DEBUG org.apache.http.wire -  << "Vary: Origin[\r][\n]"
08:37:49.571 [main] DEBUG org.apache.http.wire -  << "Date: Fri, 23 Jun 2023 01:37:53 GMT[\r][\n]"
08:37:49.571 [main] DEBUG org.apache.http.wire -  << "Content-Length: 530[\r][\n]"
08:37:49.571 [main] DEBUG org.apache.http.wire -  << "[\r][\n]"
08:37:49.571 [main] DEBUG org.apache.http.impl.conn.DefaultClientConnection - Receiving response: HTTP/1.1 200 OK
08:37:49.571 [main] DEBUG org.apache.http.headers - << HTTP/1.1 200 OK
08:37:49.571 [main] DEBUG org.apache.http.headers - << Content-Type: application/json; charset=UTF-8
08:37:49.571 [main] DEBUG org.apache.http.headers - << Vary: Origin
08:37:49.571 [main] DEBUG org.apache.http.headers - << Vary: Origin
08:37:49.571 [main] DEBUG org.apache.http.headers - << Date: Fri, 23 Jun 2023 01:37:53 GMT
08:37:49.571 [main] DEBUG org.apache.http.headers - << Content-Length: 530
08:37:49.571 [main] DEBUG org.apache.http.impl.client.DefaultHttpClient - Connection can be kept alive indefinitely
08:37:49.572 [main] DEBUG io.restassured.internal.RestAssuredHttpBuilder - Parsing response as: application/json; charset=UTF-8
08:37:49.572 [main] DEBUG io.restassured.internal.RestAssuredHttpBuilder - Parsed data to instance of: class org.apache.http.conn.EofSensorInputStream
08:37:49.572 [main] DEBUG org.apache.http.wire -  << "{"data":{"ID":11,"title":"An Instant In The Wind","content":"Omnis distinctio ab dicta. Est autem omnis nihil ducimus facere. Nulla at veniam alias.","comments":[{"comment":"Ahmad","thread_id":11,"user_id":1},{"comment":"Ahmad","thread_id":11,"user_id":13},{"comment":"Ahmad","thread_id":11,"user_id":13},{"comment":"","thread_id":11,"user_id":13},{"comment":"Ahmad","thread_id":11,"user_id":13},{"comment":"Ahmad","thread_id":11,"user_id":13},{"comment":"Ahmad","thread_id":11,"user_id":13}]},"message":"success getting Thread"}[\n]"
08:37:49.573 [main] DEBUG org.apache.http.impl.conn.BasicClientConnectionManager - Releasing connection org.apache.http.impl.conn.ManagedClientConnectionImpl@498503cb
08:37:49.573 [main] DEBUG org.apache.http.impl.conn.BasicClientConnectionManager - Connection can be kept alive indefinitely
08:37:49.573 [main] DEBUG net.thucydides.core.steps.StepInterceptor - STEP DONE: I send GET HTTP request thread by id
  &amp#27;[32mWhen &amp#27;[0m&amp#27;[32mI send GET HTTP request thread by id&amp#27;[0m      &amp#27;[90m# starter.stepdefinitions.ThreadsSteps.sendGetHttpRequestById()&amp#27;[0m
08:37:49.581 [main] DEBUG net.thucydides.core.steps.StepInterceptor - STARTING STEP: AuthUserSteps.receiveValidHttpResponseCode200 - I receive valid HTTP response code 200
08:37:49.582 [main] DEBUG net.thucydides.core.steps.StepInterceptor - STEP DONE: I receive valid HTTP response code 200
  &amp#27;[32mThen &amp#27;[0m&amp#27;[32mI receive valid HTTP response code 200&amp#27;[0m    &amp#27;[90m# starter.stepdefinitions.AuthUserSteps.receiveValidHttpResponseCode200()&amp#27;[0m
08:37:49.583 [main] DEBUG net.thucydides.core.steps.StepInterceptor - STARTING STEP: AuthUserSteps.receiveValidDataForResponseCode200 - I receive valid data for response code 200
08:37:49.586 [main] DEBUG net.thucydides.core.steps.StepInterceptor - STEP DONE: I receive valid data for response code 200
  &amp#27;[32mAnd &amp#27;[0m&amp#27;[32mI receive valid data for response code 200&amp#27;[0m &amp#27;[90m# starter.stepdefinitions.AuthUserSteps.receiveValidDataForResponseCode200()&amp#27;[0m
08:37:49.588 [main] INFO  - 
  _____   ___   ___   _____     ___     _     ___   ___   ___   ___  
 |_   _| | __| / __| |_   _|   | _ \   /_\   / __| / __| | __| |   \ 
   | |   | _|  \__ \   | |     |  _/  / _ \  \__ \ \__ \ | _|  | |) |
   |_|   |___| |___/   |_|     |_|   /_/ \_\ |___/ |___/ |___| |___/ 

GET As a user I can get thread by id
----------------------------------------------------------------------
]]></system-out>
  </testcase>
  <testcase name="GET As a user I can&apos;t get thread by id" classname="ManageThread" time="0.278">
    <system-out><![CDATA[
@Thread @T6
Scenario: GET As a user I can't get thread by id     &amp#27;[90m# src/test/resources/api/ManageThread.feature:44&amp#27;[0m
08:37:49.595 [main] INFO io.cucumber.core.plugin.SerenityReporter - Running feature from file:///C:/Users/Nafal%20Adi%20SL/Documents/GitHub/Capstone-QE/test-automation-API/src/test/resources/api/ManageThread.feature
08:37:49.595 [main] WARN io.cucumber.core.plugin.SerenityReporter - Feature from file:///C:/Users/Nafal%20Adi%20SL/Documents/GitHub/Capstone-QE/test-automation-API/src/test/resources/api/ManageThread.feature is not under the 'features' directory. Requirements report will not be correctly generated!
08:37:49.596 [main] INFO  - 
  _____   ___   ___   _____     ___   _____     _     ___   _____   ___   ___  
 |_   _| | __| / __| |_   _|   / __| |_   _|   /_\   | _ \ |_   _| | __| |   \ 
   | |   | _|  \__ \   | |     \__ \   | |    / _ \  |   /   | |   | _|  | |) |
   |_|   |___| |___/   |_|     |___/   |_|   /_/ \_\ |_|_\   |_|   |___| |___/ 

GET As a user I can't get thread by id(managethread;get-as-a-user-i-can-t-get-thread-by-id)
--------------------------------------------------------------------------------
08:37:49.608 [main] DEBUG net.thucydides.core.steps.StepInterceptor - STARTING STEP: ThreadsSteps.setGetApiEndpointsByIdInvalid - I set GET api endpoints thread by id invalid
08:37:49.608 [main] DEBUG net.thucydides.core.steps.StepInterceptor - STEP DONE: I set GET api endpoints thread by id invalid
  &amp#27;[32mGiven &amp#27;[0m&amp#27;[32mI set GET api endpoints thread by id invalid&amp#27;[0m &amp#27;[90m# starter.stepdefinitions.ThreadsSteps.setGetApiEndpointsByIdInvalid()&amp#27;[0m
08:37:49.610 [main] DEBUG net.thucydides.core.steps.StepInterceptor - STARTING STEP: ThreadsSteps.sendGetHttpRequestByIdInvalid - I send GET HTTP request thread by id invalid
08:37:49.612 [main] DEBUG net.thucydides.core.steps.StepInterceptor - STARTING STEP: GetThreadsId.sendGetHttpRequestInvalid - I set GET api endpoints thread by id invalid
08:37:49.612 [main] DEBUG net.thucydides.core.steps.StepInterceptor - STEP DONE: I set GET api endpoints thread by id invalid
08:37:49.621 [main] DEBUG org.apache.http.impl.conn.BasicClientConnectionManager - Get connection for route {}->http://ec2-54-206-29-131.ap-southeast-2.compute.amazonaws.com:8000
08:37:49.621 [main] DEBUG org.apache.http.impl.conn.DefaultClientConnectionOperator - Connecting to ec2-54-206-29-131.ap-southeast-2.compute.amazonaws.com:8000
08:37:49.736 [main] DEBUG org.apache.http.client.protocol.RequestAddCookies - CookieSpec selected: ignoreCookies
08:37:49.736 [main] DEBUG org.apache.http.client.protocol.RequestAuthCache - Auth cache not set in the context
08:37:49.736 [main] DEBUG org.apache.http.client.protocol.RequestProxyAuthentication - Proxy auth state: UNCHALLENGED
08:37:49.736 [main] DEBUG org.apache.http.impl.client.DefaultHttpClient - Attempt 1 to execute request
08:37:49.736 [main] DEBUG org.apache.http.impl.conn.DefaultClientConnection - Sending request: GET /threads/111212 HTTP/1.1
08:37:49.736 [main] DEBUG org.apache.http.wire -  >> "GET /threads/111212 HTTP/1.1[\r][\n]"
08:37:49.737 [main] DEBUG org.apache.http.wire -  >> "Authorization: Bearer eyJhbGciOiJIUzI1NiIsInR5cCI6IkpXVCJ9.eyJleHAiOjE2ODc1NjQxOTcsIm5hbWUiOiJLZW5kcmljayIsInJvbGUiOiJVc2VyIiwidXNlcl9pZCI6MTN9.p2Rdg1yWJH_349Z-51pSbx60sUkrEL6hEGPfRb2E0_o[\r][\n]"
08:37:49.737 [main] DEBUG org.apache.http.wire -  >> "Accept: */*[\r][\n]"
08:37:49.737 [main] DEBUG org.apache.http.wire -  >> "Host: ec2-54-206-29-131.ap-southeast-2.compute.amazonaws.com:8000[\r][\n]"
08:37:49.737 [main] DEBUG org.apache.http.wire -  >> "Connection: Keep-Alive[\r][\n]"
08:37:49.737 [main] DEBUG org.apache.http.wire -  >> "User-Agent: Apache-HttpClient/4.5.13 (Java/11.0.12)[\r][\n]"
08:37:49.737 [main] DEBUG org.apache.http.wire -  >> "Accept-Encoding: gzip,deflate[\r][\n]"
08:37:49.737 [main] DEBUG org.apache.http.wire -  >> "[\r][\n]"
08:37:49.737 [main] DEBUG org.apache.http.headers - >> GET /threads/111212 HTTP/1.1
08:37:49.737 [main] DEBUG org.apache.http.headers - >> Authorization: Bearer eyJhbGciOiJIUzI1NiIsInR5cCI6IkpXVCJ9.eyJleHAiOjE2ODc1NjQxOTcsIm5hbWUiOiJLZW5kcmljayIsInJvbGUiOiJVc2VyIiwidXNlcl9pZCI6MTN9.p2Rdg1yWJH_349Z-51pSbx60sUkrEL6hEGPfRb2E0_o
08:37:49.737 [main] DEBUG org.apache.http.headers - >> Accept: */*
08:37:49.737 [main] DEBUG org.apache.http.headers - >> Host: ec2-54-206-29-131.ap-southeast-2.compute.amazonaws.com:8000
08:37:49.737 [main] DEBUG org.apache.http.headers - >> Connection: Keep-Alive
08:37:49.737 [main] DEBUG org.apache.http.headers - >> User-Agent: Apache-HttpClient/4.5.13 (Java/11.0.12)
08:37:49.737 [main] DEBUG org.apache.http.headers - >> Accept-Encoding: gzip,deflate
08:37:49.857 [main] DEBUG org.apache.http.wire -  << "HTTP/1.1 404 Not Found[\r][\n]"
08:37:49.858 [main] DEBUG org.apache.http.wire -  << "Content-Type: application/json; charset=UTF-8[\r][\n]"
08:37:49.858 [main] DEBUG org.apache.http.wire -  << "Vary: Origin[\r][\n]"
08:37:49.858 [main] DEBUG org.apache.http.wire -  << "Vary: Origin[\r][\n]"
08:37:49.858 [main] DEBUG org.apache.http.wire -  << "Date: Fri, 23 Jun 2023 01:37:54 GMT[\r][\n]"
08:37:49.858 [main] DEBUG org.apache.http.wire -  << "Content-Length: 31[\r][\n]"
08:37:49.858 [main] DEBUG org.apache.http.wire -  << "[\r][\n]"
08:37:49.858 [main] DEBUG org.apache.http.impl.conn.DefaultClientConnection - Receiving response: HTTP/1.1 404 Not Found
08:37:49.858 [main] DEBUG org.apache.http.headers - << HTTP/1.1 404 Not Found
08:37:49.858 [main] DEBUG org.apache.http.headers - << Content-Type: application/json; charset=UTF-8
08:37:49.858 [main] DEBUG org.apache.http.headers - << Vary: Origin
08:37:49.858 [main] DEBUG org.apache.http.headers - << Vary: Origin
08:37:49.858 [main] DEBUG org.apache.http.headers - << Date: Fri, 23 Jun 2023 01:37:54 GMT
08:37:49.858 [main] DEBUG org.apache.http.headers - << Content-Length: 31
08:37:49.858 [main] DEBUG org.apache.http.impl.client.DefaultHttpClient - Connection can be kept alive indefinitely
08:37:49.859 [main] DEBUG io.restassured.internal.RestAssuredHttpBuilder - Parsing response as: application/json; charset=UTF-8
08:37:49.859 [main] DEBUG io.restassured.internal.RestAssuredHttpBuilder - Parsed data to instance of: class org.apache.http.conn.EofSensorInputStream
08:37:49.860 [main] DEBUG org.apache.http.wire -  << "{"message":"record not found"}[\n]"
08:37:49.860 [main] DEBUG org.apache.http.impl.conn.BasicClientConnectionManager - Releasing connection org.apache.http.impl.conn.ManagedClientConnectionImpl@173b24c4
08:37:49.860 [main] DEBUG org.apache.http.impl.conn.BasicClientConnectionManager - Connection can be kept alive indefinitely
08:37:49.860 [main] DEBUG net.thucydides.core.steps.StepInterceptor - STEP DONE: I send GET HTTP request thread by id invalid
  &amp#27;[32mWhen &amp#27;[0m&amp#27;[32mI send GET HTTP request thread by id invalid&amp#27;[0m  &amp#27;[90m# starter.stepdefinitions.ThreadsSteps.sendGetHttpRequestByIdInvalid()&amp#27;[0m
08:37:49.863 [main] DEBUG net.thucydides.core.steps.StepInterceptor - STARTING STEP: ThreadsSteps.receiveHttpResponseCode404 - I receive valid HTTP response code 404
08:37:49.863 [main] DEBUG net.thucydides.core.steps.StepInterceptor - STEP DONE: I receive valid HTTP response code 404
  &amp#27;[32mThen &amp#27;[0m&amp#27;[32mI receive valid HTTP response code 404&amp#27;[0m        &amp#27;[90m# starter.stepdefinitions.ThreadsSteps.receiveHttpResponseCode404()&amp#27;[0m
08:37:49.865 [main] DEBUG net.thucydides.core.steps.StepInterceptor - STARTING STEP: ThreadsSteps.receiveValidDataForResponseCode404 - I receive valid data for response code 404
08:37:49.866 [main] DEBUG net.thucydides.core.steps.StepInterceptor - STEP DONE: I receive valid data for response code 404
  &amp#27;[32mAnd &amp#27;[0m&amp#27;[32mI receive valid data for response code 404&amp#27;[0m     &amp#27;[90m# starter.stepdefinitions.ThreadsSteps.receiveValidDataForResponseCode404()&amp#27;[0m
08:37:49.867 [main] INFO  - 
  _____   ___   ___   _____     ___     _     ___   ___   ___   ___  
 |_   _| | __| / __| |_   _|   | _ \   /_\   / __| / __| | __| |   \ 
   | |   | _|  \__ \   | |     |  _/  / _ \  \__ \ \__ \ | _|  | |) |
   |_|   |___| |___/   |_|     |_|   /_/ \_\ |___/ |___/ |___| |___/ 

GET As a user I can't get thread by id
----------------------------------------------------------------------
]]></system-out>
  </testcase>
  <testcase name="GET As a user I can get thread by title" classname="ManageThread" time="0.288">
    <system-out><![CDATA[
@Thread @T7
Scenario: GET As a user I can get thread by title &amp#27;[90m# src/test/resources/api/ManageThread.feature:52&amp#27;[0m
08:37:49.875 [main] INFO io.cucumber.core.plugin.SerenityReporter - Running feature from file:///C:/Users/Nafal%20Adi%20SL/Documents/GitHub/Capstone-QE/test-automation-API/src/test/resources/api/ManageThread.feature
08:37:49.875 [main] WARN io.cucumber.core.plugin.SerenityReporter - Feature from file:///C:/Users/Nafal%20Adi%20SL/Documents/GitHub/Capstone-QE/test-automation-API/src/test/resources/api/ManageThread.feature is not under the 'features' directory. Requirements report will not be correctly generated!
08:37:49.876 [main] INFO  - 
  _____   ___   ___   _____     ___   _____     _     ___   _____   ___   ___  
 |_   _| | __| / __| |_   _|   / __| |_   _|   /_\   | _ \ |_   _| | __| |   \ 
   | |   | _|  \__ \   | |     \__ \   | |    / _ \  |   /   | |   | _|  | |) |
   |_|   |___| |___/   |_|     |___/   |_|   /_/ \_\ |_|_\   |_|   |___| |___/ 

GET As a user I can get thread by title(managethread;get-as-a-user-i-can-get-thread-by-title)
--------------------------------------------------------------------------------
08:37:49.887 [main] DEBUG net.thucydides.core.steps.StepInterceptor - STARTING STEP: ThreadsSteps.setGetApiEndpointsByTitle - I set GET api endpoints thread by title
08:37:49.887 [main] DEBUG net.thucydides.core.steps.StepInterceptor - STEP DONE: I set GET api endpoints thread by title
  &amp#27;[32mGiven &amp#27;[0m&amp#27;[32mI set GET api endpoints thread by title&amp#27;[0m   &amp#27;[90m# starter.stepdefinitions.ThreadsSteps.setGetApiEndpointsByTitle()&amp#27;[0m
08:37:49.889 [main] DEBUG net.thucydides.core.steps.StepInterceptor - STARTING STEP: ThreadsSteps.sendGetHttpRequestByTitle - I send GET HTTP request thread by title
08:37:49.890 [main] DEBUG net.thucydides.core.steps.StepInterceptor - STARTING STEP: GetThreadsTitle.sendGetHttpRequest - I set GET api endpoints thread by title
08:37:49.890 [main] DEBUG net.thucydides.core.steps.StepInterceptor - STEP DONE: I set GET api endpoints thread by title
08:37:49.904 [main] DEBUG org.apache.http.impl.conn.BasicClientConnectionManager - Get connection for route {}->http://ec2-54-206-29-131.ap-southeast-2.compute.amazonaws.com:8000
08:37:49.905 [main] DEBUG org.apache.http.impl.conn.DefaultClientConnectionOperator - Connecting to ec2-54-206-29-131.ap-southeast-2.compute.amazonaws.com:8000
08:37:50.023 [main] DEBUG org.apache.http.client.protocol.RequestAddCookies - CookieSpec selected: ignoreCookies
08:37:50.023 [main] DEBUG org.apache.http.client.protocol.RequestAuthCache - Auth cache not set in the context
08:37:50.023 [main] DEBUG org.apache.http.client.protocol.RequestProxyAuthentication - Proxy auth state: UNCHALLENGED
08:37:50.023 [main] DEBUG org.apache.http.impl.client.DefaultHttpClient - Attempt 1 to execute request
08:37:50.023 [main] DEBUG org.apache.http.impl.conn.DefaultClientConnection - Sending request: GET /threads?title=1950 HTTP/1.1
08:37:50.023 [main] DEBUG org.apache.http.wire -  >> "GET /threads?title=1950 HTTP/1.1[\r][\n]"
08:37:50.023 [main] DEBUG org.apache.http.wire -  >> "Authorization: Bearer eyJhbGciOiJIUzI1NiIsInR5cCI6IkpXVCJ9.eyJleHAiOjE2ODc1NjQxOTcsIm5hbWUiOiJLZW5kcmljayIsInJvbGUiOiJVc2VyIiwidXNlcl9pZCI6MTN9.p2Rdg1yWJH_349Z-51pSbx60sUkrEL6hEGPfRb2E0_o[\r][\n]"
08:37:50.023 [main] DEBUG org.apache.http.wire -  >> "Accept: */*[\r][\n]"
08:37:50.023 [main] DEBUG org.apache.http.wire -  >> "Host: ec2-54-206-29-131.ap-southeast-2.compute.amazonaws.com:8000[\r][\n]"
08:37:50.023 [main] DEBUG org.apache.http.wire -  >> "Connection: Keep-Alive[\r][\n]"
08:37:50.023 [main] DEBUG org.apache.http.wire -  >> "User-Agent: Apache-HttpClient/4.5.13 (Java/11.0.12)[\r][\n]"
08:37:50.023 [main] DEBUG org.apache.http.wire -  >> "Accept-Encoding: gzip,deflate[\r][\n]"
08:37:50.023 [main] DEBUG org.apache.http.wire -  >> "[\r][\n]"
08:37:50.023 [main] DEBUG org.apache.http.headers - >> GET /threads?title=1950 HTTP/1.1
08:37:50.023 [main] DEBUG org.apache.http.headers - >> Authorization: Bearer eyJhbGciOiJIUzI1NiIsInR5cCI6IkpXVCJ9.eyJleHAiOjE2ODc1NjQxOTcsIm5hbWUiOiJLZW5kcmljayIsInJvbGUiOiJVc2VyIiwidXNlcl9pZCI6MTN9.p2Rdg1yWJH_349Z-51pSbx60sUkrEL6hEGPfRb2E0_o
08:37:50.023 [main] DEBUG org.apache.http.headers - >> Accept: */*
08:37:50.023 [main] DEBUG org.apache.http.headers - >> Host: ec2-54-206-29-131.ap-southeast-2.compute.amazonaws.com:8000
08:37:50.023 [main] DEBUG org.apache.http.headers - >> Connection: Keep-Alive
08:37:50.023 [main] DEBUG org.apache.http.headers - >> User-Agent: Apache-HttpClient/4.5.13 (Java/11.0.12)
08:37:50.023 [main] DEBUG org.apache.http.headers - >> Accept-Encoding: gzip,deflate
08:37:50.142 [main] DEBUG org.apache.http.wire -  << "HTTP/1.1 200 OK[\r][\n]"
08:37:50.142 [main] DEBUG org.apache.http.wire -  << "Content-Type: application/json; charset=UTF-8[\r][\n]"
08:37:50.142 [main] DEBUG org.apache.http.wire -  << "Vary: Origin[\r][\n]"
08:37:50.142 [main] DEBUG org.apache.http.wire -  << "Vary: Origin[\r][\n]"
08:37:50.142 [main] DEBUG org.apache.http.wire -  << "Date: Fri, 23 Jun 2023 01:37:54 GMT[\r][\n]"
08:37:50.142 [main] DEBUG org.apache.http.wire -  << "Content-Length: 65[\r][\n]"
08:37:50.142 [main] DEBUG org.apache.http.wire -  << "[\r][\n]"
08:37:50.142 [main] DEBUG org.apache.http.impl.conn.DefaultClientConnection - Receiving response: HTTP/1.1 200 OK
08:37:50.142 [main] DEBUG org.apache.http.headers - << HTTP/1.1 200 OK
08:37:50.142 [main] DEBUG org.apache.http.headers - << Content-Type: application/json; charset=UTF-8
08:37:50.142 [main] DEBUG org.apache.http.headers - << Vary: Origin
08:37:50.142 [main] DEBUG org.apache.http.headers - << Vary: Origin
08:37:50.142 [main] DEBUG org.apache.http.headers - << Date: Fri, 23 Jun 2023 01:37:54 GMT
08:37:50.142 [main] DEBUG org.apache.http.headers - << Content-Length: 65
08:37:50.142 [main] DEBUG org.apache.http.impl.client.DefaultHttpClient - Connection can be kept alive indefinitely
08:37:50.142 [main] DEBUG io.restassured.internal.RestAssuredHttpBuilder - Parsing response as: application/json; charset=UTF-8
08:37:50.142 [main] DEBUG io.restassured.internal.RestAssuredHttpBuilder - Parsed data to instance of: class org.apache.http.conn.EofSensorInputStream
08:37:50.143 [main] DEBUG org.apache.http.wire -  << "{"message":"Successfully retrieved thread by title","thread":[]}[\n]"
08:37:50.143 [main] DEBUG org.apache.http.impl.conn.BasicClientConnectionManager - Releasing connection org.apache.http.impl.conn.ManagedClientConnectionImpl@57777c23
08:37:50.143 [main] DEBUG org.apache.http.impl.conn.BasicClientConnectionManager - Connection can be kept alive indefinitely
08:37:50.143 [main] DEBUG net.thucydides.core.steps.StepInterceptor - STEP DONE: I send GET HTTP request thread by title
  &amp#27;[32mWhen &amp#27;[0m&amp#27;[32mI send GET HTTP request thread by title&amp#27;[0m    &amp#27;[90m# starter.stepdefinitions.ThreadsSteps.sendGetHttpRequestByTitle()&amp#27;[0m
08:37:50.151 [main] DEBUG net.thucydides.core.steps.StepInterceptor - STARTING STEP: AuthUserSteps.receiveValidHttpResponseCode200 - I receive valid HTTP response code 200
08:37:50.151 [main] DEBUG net.thucydides.core.steps.StepInterceptor - STEP DONE: I receive valid HTTP response code 200
  &amp#27;[32mThen &amp#27;[0m&amp#27;[32mI receive valid HTTP response code 200&amp#27;[0m     &amp#27;[90m# starter.stepdefinitions.AuthUserSteps.receiveValidHttpResponseCode200()&amp#27;[0m
08:37:50.153 [main] DEBUG net.thucydides.core.steps.StepInterceptor - STARTING STEP: AuthUserSteps.receiveValidDataForResponseCode200 - I receive valid data for response code 200
08:37:50.154 [main] DEBUG net.thucydides.core.steps.StepInterceptor - STEP DONE: I receive valid data for response code 200
  &amp#27;[32mAnd &amp#27;[0m&amp#27;[32mI receive valid data for response code 200&amp#27;[0m  &amp#27;[90m# starter.stepdefinitions.AuthUserSteps.receiveValidDataForResponseCode200()&amp#27;[0m
08:37:50.155 [main] INFO  - 
  _____   ___   ___   _____     ___     _     ___   ___   ___   ___  
 |_   _| | __| / __| |_   _|   | _ \   /_\   / __| / __| | __| |   \ 
   | |   | _|  \__ \   | |     |  _/  / _ \  \__ \ \__ \ | _|  | |) |
   |_|   |___| |___/   |_|     |_|   /_/ \_\ |___/ |___/ |___| |___/ 

GET As a user I can get thread by title
----------------------------------------------------------------------
]]></system-out>
  </testcase>
  <testcase name="GET As a user I can&apos;t get thread by title" classname="ManageThread" time="0.27">
    <system-out><![CDATA[
@Thread @T8
Scenario: GET As a user I can't get thread by title     &amp#27;[90m# src/test/resources/api/ManageThread.feature:59&amp#27;[0m
08:37:50.162 [main] INFO io.cucumber.core.plugin.SerenityReporter - Running feature from file:///C:/Users/Nafal%20Adi%20SL/Documents/GitHub/Capstone-QE/test-automation-API/src/test/resources/api/ManageThread.feature
08:37:50.162 [main] WARN io.cucumber.core.plugin.SerenityReporter - Feature from file:///C:/Users/Nafal%20Adi%20SL/Documents/GitHub/Capstone-QE/test-automation-API/src/test/resources/api/ManageThread.feature is not under the 'features' directory. Requirements report will not be correctly generated!
08:37:50.164 [main] INFO  - 
  _____   ___   ___   _____     ___   _____     _     ___   _____   ___   ___  
 |_   _| | __| / __| |_   _|   / __| |_   _|   /_\   | _ \ |_   _| | __| |   \ 
   | |   | _|  \__ \   | |     \__ \   | |    / _ \  |   /   | |   | _|  | |) |
   |_|   |___| |___/   |_|     |___/   |_|   /_/ \_\ |_|_\   |_|   |___| |___/ 

GET As a user I can't get thread by title(managethread;get-as-a-user-i-can-t-get-thread-by-title)
--------------------------------------------------------------------------------
08:37:50.174 [main] DEBUG net.thucydides.core.steps.StepInterceptor - STARTING STEP: ThreadsSteps.setGetApiEndpointsByTitleInvalid - I set GET api endpoints thread by title invalid
08:37:50.175 [main] DEBUG net.thucydides.core.steps.StepInterceptor - STEP DONE: I set GET api endpoints thread by title invalid
  &amp#27;[32mGiven &amp#27;[0m&amp#27;[32mI set GET api endpoints thread by title invalid&amp#27;[0m &amp#27;[90m# starter.stepdefinitions.ThreadsSteps.setGetApiEndpointsByTitleInvalid()&amp#27;[0m
08:37:50.176 [main] DEBUG net.thucydides.core.steps.StepInterceptor - STARTING STEP: ThreadsSteps.sendGetHttpRequestByTitleInvalid - I send GET HTTP request thread by title invalid
08:37:50.177 [main] DEBUG net.thucydides.core.steps.StepInterceptor - STARTING STEP: GetThreadsTitle.sendGetHttpRequestInvalid - I set GET api endpoints thread by title invalid
08:37:50.177 [main] DEBUG net.thucydides.core.steps.StepInterceptor - STEP DONE: I set GET api endpoints thread by title invalid
08:37:50.185 [main] DEBUG org.apache.http.impl.conn.BasicClientConnectionManager - Get connection for route {}->http://ec2-54-206-29-131.ap-southeast-2.compute.amazonaws.com:8000
08:37:50.185 [main] DEBUG org.apache.http.impl.conn.DefaultClientConnectionOperator - Connecting to ec2-54-206-29-131.ap-southeast-2.compute.amazonaws.com:8000
08:37:50.302 [main] DEBUG org.apache.http.client.protocol.RequestAddCookies - CookieSpec selected: ignoreCookies
08:37:50.302 [main] DEBUG org.apache.http.client.protocol.RequestAuthCache - Auth cache not set in the context
08:37:50.302 [main] DEBUG org.apache.http.client.protocol.RequestProxyAuthentication - Proxy auth state: UNCHALLENGED
08:37:50.302 [main] DEBUG org.apache.http.impl.client.DefaultHttpClient - Attempt 1 to execute request
08:37:50.302 [main] DEBUG org.apache.http.impl.conn.DefaultClientConnection - Sending request: GET /threadss?title=1945 HTTP/1.1
08:37:50.302 [main] DEBUG org.apache.http.wire -  >> "GET /threadss?title=1945 HTTP/1.1[\r][\n]"
08:37:50.302 [main] DEBUG org.apache.http.wire -  >> "Authorization: Bearer eyJhbGciOiJIUzI1NiIsInR5cCI6IkpXVCJ9.eyJleHAiOjE2ODc1NjQxOTcsIm5hbWUiOiJLZW5kcmljayIsInJvbGUiOiJVc2VyIiwidXNlcl9pZCI6MTN9.p2Rdg1yWJH_349Z-51pSbx60sUkrEL6hEGPfRb2E0_o[\r][\n]"
08:37:50.302 [main] DEBUG org.apache.http.wire -  >> "Accept: */*[\r][\n]"
08:37:50.302 [main] DEBUG org.apache.http.wire -  >> "Host: ec2-54-206-29-131.ap-southeast-2.compute.amazonaws.com:8000[\r][\n]"
08:37:50.302 [main] DEBUG org.apache.http.wire -  >> "Connection: Keep-Alive[\r][\n]"
08:37:50.302 [main] DEBUG org.apache.http.wire -  >> "User-Agent: Apache-HttpClient/4.5.13 (Java/11.0.12)[\r][\n]"
08:37:50.302 [main] DEBUG org.apache.http.wire -  >> "Accept-Encoding: gzip,deflate[\r][\n]"
08:37:50.302 [main] DEBUG org.apache.http.wire -  >> "[\r][\n]"
08:37:50.302 [main] DEBUG org.apache.http.headers - >> GET /threadss?title=1945 HTTP/1.1
08:37:50.302 [main] DEBUG org.apache.http.headers - >> Authorization: Bearer eyJhbGciOiJIUzI1NiIsInR5cCI6IkpXVCJ9.eyJleHAiOjE2ODc1NjQxOTcsIm5hbWUiOiJLZW5kcmljayIsInJvbGUiOiJVc2VyIiwidXNlcl9pZCI6MTN9.p2Rdg1yWJH_349Z-51pSbx60sUkrEL6hEGPfRb2E0_o
08:37:50.302 [main] DEBUG org.apache.http.headers - >> Accept: */*
08:37:50.302 [main] DEBUG org.apache.http.headers - >> Host: ec2-54-206-29-131.ap-southeast-2.compute.amazonaws.com:8000
08:37:50.302 [main] DEBUG org.apache.http.headers - >> Connection: Keep-Alive
08:37:50.302 [main] DEBUG org.apache.http.headers - >> User-Agent: Apache-HttpClient/4.5.13 (Java/11.0.12)
08:37:50.302 [main] DEBUG org.apache.http.headers - >> Accept-Encoding: gzip,deflate
08:37:50.418 [main] DEBUG org.apache.http.wire -  << "HTTP/1.1 404 Not Found[\r][\n]"
08:37:50.418 [main] DEBUG org.apache.http.wire -  << "Content-Type: application/json; charset=UTF-8[\r][\n]"
08:37:50.418 [main] DEBUG org.apache.http.wire -  << "Vary: Origin[\r][\n]"
08:37:50.418 [main] DEBUG org.apache.http.wire -  << "Vary: Origin[\r][\n]"
08:37:50.418 [main] DEBUG org.apache.http.wire -  << "Date: Fri, 23 Jun 2023 01:37:54 GMT[\r][\n]"
08:37:50.418 [main] DEBUG org.apache.http.wire -  << "Content-Length: 24[\r][\n]"
08:37:50.418 [main] DEBUG org.apache.http.wire -  << "[\r][\n]"
08:37:50.418 [main] DEBUG org.apache.http.impl.conn.DefaultClientConnection - Receiving response: HTTP/1.1 404 Not Found
08:37:50.418 [main] DEBUG org.apache.http.headers - << HTTP/1.1 404 Not Found
08:37:50.418 [main] DEBUG org.apache.http.headers - << Content-Type: application/json; charset=UTF-8
08:37:50.418 [main] DEBUG org.apache.http.headers - << Vary: Origin
08:37:50.418 [main] DEBUG org.apache.http.headers - << Vary: Origin
08:37:50.418 [main] DEBUG org.apache.http.headers - << Date: Fri, 23 Jun 2023 01:37:54 GMT
08:37:50.418 [main] DEBUG org.apache.http.headers - << Content-Length: 24
08:37:50.418 [main] DEBUG org.apache.http.impl.client.DefaultHttpClient - Connection can be kept alive indefinitely
08:37:50.418 [main] DEBUG io.restassured.internal.RestAssuredHttpBuilder - Parsing response as: application/json; charset=UTF-8
08:37:50.418 [main] DEBUG io.restassured.internal.RestAssuredHttpBuilder - Parsed data to instance of: class org.apache.http.conn.EofSensorInputStream
08:37:50.419 [main] DEBUG org.apache.http.wire -  << "{"message":"Not Found"}[\n]"
08:37:50.419 [main] DEBUG org.apache.http.impl.conn.BasicClientConnectionManager - Releasing connection org.apache.http.impl.conn.ManagedClientConnectionImpl@18ad085a
08:37:50.419 [main] DEBUG org.apache.http.impl.conn.BasicClientConnectionManager - Connection can be kept alive indefinitely
08:37:50.420 [main] DEBUG net.thucydides.core.steps.StepInterceptor - STEP DONE: I send GET HTTP request thread by title invalid
  &amp#27;[32mWhen &amp#27;[0m&amp#27;[32mI send GET HTTP request thread by title invalid&amp#27;[0m  &amp#27;[90m# starter.stepdefinitions.ThreadsSteps.sendGetHttpRequestByTitleInvalid()&amp#27;[0m
08:37:50.421 [main] DEBUG net.thucydides.core.steps.StepInterceptor - STARTING STEP: ThreadsSteps.receiveHttpResponseCode404 - I receive valid HTTP response code 404
08:37:50.422 [main] DEBUG net.thucydides.core.steps.StepInterceptor - STEP DONE: I receive valid HTTP response code 404
  &amp#27;[32mThen &amp#27;[0m&amp#27;[32mI receive valid HTTP response code 404&amp#27;[0m           &amp#27;[90m# starter.stepdefinitions.ThreadsSteps.receiveHttpResponseCode404()&amp#27;[0m
08:37:50.423 [main] DEBUG net.thucydides.core.steps.StepInterceptor - STARTING STEP: ThreadsSteps.receiveValidDataForResponseCode404 - I receive valid data for response code 404
08:37:50.424 [main] DEBUG net.thucydides.core.steps.StepInterceptor - STEP DONE: I receive valid data for response code 404
  &amp#27;[32mAnd &amp#27;[0m&amp#27;[32mI receive valid data for response code 404&amp#27;[0m        &amp#27;[90m# starter.stepdefinitions.ThreadsSteps.receiveValidDataForResponseCode404()&amp#27;[0m
08:37:50.425 [main] INFO  - 
  _____   ___   ___   _____     ___     _     ___   ___   ___   ___  
 |_   _| | __| / __| |_   _|   | _ \   /_\   / __| / __| | __| |   \ 
   | |   | _|  \__ \   | |     |  _/  / _ \  \__ \ \__ \ | _|  | |) |
   |_|   |___| |___/   |_|     |_|   /_/ \_\ |___/ |___/ |___| |___/ 

GET As a user I can't get thread by title
----------------------------------------------------------------------
]]></system-out>
  </testcase>
  <testcase name="GET As a user I can get thread by topic" classname="ManageThread" time="0.285">
    <system-out><![CDATA[
@Thread @T9
Scenario: GET As a user I can get thread by topic &amp#27;[90m# src/test/resources/api/ManageThread.feature:67&amp#27;[0m
08:37:50.432 [main] INFO io.cucumber.core.plugin.SerenityReporter - Running feature from file:///C:/Users/Nafal%20Adi%20SL/Documents/GitHub/Capstone-QE/test-automation-API/src/test/resources/api/ManageThread.feature
08:37:50.432 [main] WARN io.cucumber.core.plugin.SerenityReporter - Feature from file:///C:/Users/Nafal%20Adi%20SL/Documents/GitHub/Capstone-QE/test-automation-API/src/test/resources/api/ManageThread.feature is not under the 'features' directory. Requirements report will not be correctly generated!
08:37:50.433 [main] INFO  - 
  _____   ___   ___   _____     ___   _____     _     ___   _____   ___   ___  
 |_   _| | __| / __| |_   _|   / __| |_   _|   /_\   | _ \ |_   _| | __| |   \ 
   | |   | _|  \__ \   | |     \__ \   | |    / _ \  |   /   | |   | _|  | |) |
   |_|   |___| |___/   |_|     |___/   |_|   /_/ \_\ |_|_\   |_|   |___| |___/ 

GET As a user I can get thread by topic(managethread;get-as-a-user-i-can-get-thread-by-topic)
--------------------------------------------------------------------------------
08:37:50.443 [main] DEBUG net.thucydides.core.steps.StepInterceptor - STARTING STEP: ThreadsSteps.setGetApiEndpointsByTopic - I set GET api endpoints thread by topic
08:37:50.443 [main] DEBUG net.thucydides.core.steps.StepInterceptor - STEP DONE: I set GET api endpoints thread by topic
  &amp#27;[32mGiven &amp#27;[0m&amp#27;[32mI set GET api endpoints thread by topic&amp#27;[0m   &amp#27;[90m# starter.stepdefinitions.ThreadsSteps.setGetApiEndpointsByTopic()&amp#27;[0m
08:37:50.444 [main] DEBUG net.thucydides.core.steps.StepInterceptor - STARTING STEP: ThreadsSteps.sendGetHttpRequestByTopic - I send GET HTTP request thread by topic
08:37:50.445 [main] DEBUG net.thucydides.core.steps.StepInterceptor - STARTING STEP: GetThreadsTopic.sendGetHttpRequest - I set GET api endpoints thread by topic
08:37:50.445 [main] DEBUG net.thucydides.core.steps.StepInterceptor - STEP DONE: I set GET api endpoints thread by topic
08:37:50.452 [main] DEBUG org.apache.http.impl.conn.BasicClientConnectionManager - Get connection for route {}->http://ec2-54-206-29-131.ap-southeast-2.compute.amazonaws.com:8000
08:37:50.452 [main] DEBUG org.apache.http.impl.conn.DefaultClientConnectionOperator - Connecting to ec2-54-206-29-131.ap-southeast-2.compute.amazonaws.com:8000
08:37:50.570 [main] DEBUG org.apache.http.client.protocol.RequestAddCookies - CookieSpec selected: ignoreCookies
08:37:50.570 [main] DEBUG org.apache.http.client.protocol.RequestAuthCache - Auth cache not set in the context
[...]
08:38:00.468 [main] DEBUG net.thucydides.core.steps.StepInterceptor - STEP DONE: I set DELETE api endpoints delete thread by admin
  &amp#27;[32mGiven &amp#27;[0m&amp#27;[32mI set DELETE api endpoints delete thread by admin&amp#27;[0m &amp#27;[90m# starter.stepdefinitions.ThreadsSteps.setDeleteApiEndpointsByAdmin()&amp#27;[0m
08:38:00.469 [main] DEBUG net.thucydides.core.steps.StepInterceptor - STARTING STEP: ThreadsSteps.sendDeleteApiEndpointsByAdmin - I send DELETE HTTP request delete thread by admin
08:38:00.470 [main] DEBUG net.thucydides.core.steps.StepInterceptor - STARTING STEP: DeleteThreads.sendDeleteHttpRequestByAdmin - I set DELETE api endpoints delete thread by admin
08:38:00.470 [main] DEBUG net.thucydides.core.steps.StepInterceptor - STEP DONE: I set DELETE api endpoints delete thread by admin
08:38:00.472 [main] DEBUG org.apache.http.impl.conn.BasicClientConnectionManager - Get connection for route {}->http://ec2-54-206-29-131.ap-southeast-2.compute.amazonaws.com:8000
08:38:00.473 [main] DEBUG org.apache.http.impl.conn.DefaultClientConnectionOperator - Connecting to ec2-54-206-29-131.ap-southeast-2.compute.amazonaws.com:8000
08:38:00.591 [main] DEBUG org.apache.http.client.protocol.RequestAddCookies - CookieSpec selected: ignoreCookies
08:38:00.591 [main] DEBUG org.apache.http.client.protocol.RequestAuthCache - Auth cache not set in the context
08:38:00.591 [main] DEBUG org.apache.http.client.protocol.RequestProxyAuthentication - Proxy auth state: UNCHALLENGED
08:38:00.591 [main] DEBUG org.apache.http.impl.client.DefaultHttpClient - Attempt 1 to execute request
08:38:00.591 [main] DEBUG org.apache.http.impl.conn.DefaultClientConnection - Sending request: DELETE /admin/threads/21 HTTP/1.1
08:38:00.591 [main] DEBUG org.apache.http.wire -  >> "DELETE /admin/threads/21 HTTP/1.1[\r][\n]"
08:38:00.591 [main] DEBUG org.apache.http.wire -  >> "Authorization: Bearer eyJhbGciOiJIUzI1NiIsInR5cCI6IkpXVCJ9.eyJleHAiOjE2ODc1NTk0NDAsIm5hbWUiOiJXYWh5dSIsInJvbGUiOiJhZG1pbiIsInVzZXJfaWQiOjF9.m4vJ9e38a2kQTab-xsirsImfuP3_U458SQ2epYq-Dsw[\r][\n]"
08:38:00.591 [main] DEBUG org.apache.http.wire -  >> "Accept: */*[\r][\n]"
08:38:00.591 [main] DEBUG org.apache.http.wire -  >> "Host: ec2-54-206-29-131.ap-southeast-2.compute.amazonaws.com:8000[\r][\n]"
08:38:00.591 [main] DEBUG org.apache.http.wire -  >> "Connection: Keep-Alive[\r][\n]"
08:38:00.591 [main] DEBUG org.apache.http.wire -  >> "User-Agent: Apache-HttpClient/4.5.13 (Java/11.0.12)[\r][\n]"
08:38:00.591 [main] DEBUG org.apache.http.wire -  >> "Accept-Encoding: gzip,deflate[\r][\n]"
08:38:00.591 [main] DEBUG org.apache.http.wire -  >> "[\r][\n]"
08:38:00.591 [main] DEBUG org.apache.http.headers - >> DELETE /admin/threads/21 HTTP/1.1
08:38:00.591 [main] DEBUG org.apache.http.headers - >> Authorization: Bearer eyJhbGciOiJIUzI1NiIsInR5cCI6IkpXVCJ9.eyJleHAiOjE2ODc1NTk0NDAsIm5hbWUiOiJXYWh5dSIsInJvbGUiOiJhZG1pbiIsInVzZXJfaWQiOjF9.m4vJ9e38a2kQTab-xsirsImfuP3_U458SQ2epYq-Dsw
08:38:00.591 [main] DEBUG org.apache.http.headers - >> Accept: */*
08:38:00.591 [main] DEBUG org.apache.http.headers - >> Host: ec2-54-206-29-131.ap-southeast-2.compute.amazonaws.com:8000
08:38:00.591 [main] DEBUG org.apache.http.headers - >> Connection: Keep-Alive
08:38:00.591 [main] DEBUG org.apache.http.headers - >> User-Agent: Apache-HttpClient/4.5.13 (Java/11.0.12)
08:38:00.591 [main] DEBUG org.apache.http.headers - >> Accept-Encoding: gzip,deflate
08:38:00.711 [main] DEBUG org.apache.http.wire -  << "HTTP/1.1 500 Internal Server Error[\r][\n]"
08:38:00.711 [main] DEBUG org.apache.http.wire -  << "Content-Type: application/json; charset=UTF-8[\r][\n]"
08:38:00.711 [main] DEBUG org.apache.http.wire -  << "Vary: Origin[\r][\n]"
08:38:00.711 [main] DEBUG org.apache.http.wire -  << "Vary: Origin[\r][\n]"
08:38:00.711 [main] DEBUG org.apache.http.wire -  << "Date: Fri, 23 Jun 2023 01:38:04 GMT[\r][\n]"
08:38:00.711 [main] DEBUG org.apache.http.wire -  << "Content-Length: 40[\r][\n]"
08:38:00.711 [main] DEBUG org.apache.http.wire -  << "[\r][\n]"
08:38:00.712 [main] DEBUG org.apache.http.impl.conn.DefaultClientConnection - Receiving response: HTTP/1.1 500 Internal Server Error
08:38:00.712 [main] DEBUG org.apache.http.headers - << HTTP/1.1 500 Internal Server Error
08:38:00.712 [main] DEBUG org.apache.http.headers - << Content-Type: application/json; charset=UTF-8
08:38:00.712 [main] DEBUG org.apache.http.headers - << Vary: Origin
08:38:00.712 [main] DEBUG org.apache.http.headers - << Vary: Origin
08:38:00.712 [main] DEBUG org.apache.http.headers - << Date: Fri, 23 Jun 2023 01:38:04 GMT
08:38:00.712 [main] DEBUG org.apache.http.headers - << Content-Length: 40
08:38:00.712 [main] DEBUG org.apache.http.impl.client.DefaultHttpClient - Connection can be kept alive indefinitely
08:38:00.712 [main] DEBUG io.restassured.internal.RestAssuredHttpBuilder - Parsing response as: application/json; charset=UTF-8
08:38:00.712 [main] DEBUG io.restassured.internal.RestAssuredHttpBuilder - Parsed data to instance of: class org.apache.http.conn.EofSensorInputStream
08:38:00.712 [main] DEBUG org.apache.http.wire -  << "{"message":"provided id was not found"}[\n]"
08:38:00.712 [main] DEBUG org.apache.http.impl.conn.BasicClientConnectionManager - Releasing connection org.apache.http.impl.conn.ManagedClientConnectionImpl@bc35e84
08:38:00.712 [main] DEBUG org.apache.http.impl.conn.BasicClientConnectionManager - Connection can be kept alive indefinitely
08:38:00.712 [main] DEBUG net.thucydides.core.steps.StepInterceptor - STEP DONE: I send DELETE HTTP request delete thread by admin
  &amp#27;[32mWhen &amp#27;[0m&amp#27;[32mI send DELETE HTTP request delete thread by admin&amp#27;[0m  &amp#27;[90m# starter.stepdefinitions.ThreadsSteps.sendDeleteApiEndpointsByAdmin()&amp#27;[0m
08:38:00.718 [main] DEBUG net.thucydides.core.steps.StepInterceptor - STARTING STEP: AuthUserSteps.receiveValidHttpResponseCode200 - I receive valid HTTP response code 200
  &amp#27;[31mThen &amp#27;[0m&amp#27;[31mI receive valid HTTP response code 200&amp#27;[0m             &amp#27;[90m# starter.stepdefinitions.AuthUserSteps.receiveValidHttpResponseCode200()&amp#27;[0m
      &amp#27;[31mjava.lang.AssertionError: 1 expectation failed.
Expected status code <200> but was <500>.

	at java.base/jdk.internal.reflect.NativeConstructorAccessorImpl.newInstance0(Native Method)
	at java.base/jdk.internal.reflect.NativeConstructorAccessorImpl.newInstance(NativeConstructorAccessorImpl.java:62)
	at java.base/jdk.internal.reflect.DelegatingConstructorAccessorImpl.newInstance(DelegatingConstructorAccessorImpl.java:45)
	at java.base/java.lang.reflect.Constructor.newInstance(Constructor.java:490)
	at org.codehaus.groovy.reflection.CachedConstructor.invoke(CachedConstructor.java:73)
	at org.codehaus.groovy.reflection.CachedConstructor.doConstructorInvoke(CachedConstructor.java:60)
	at org.codehaus.groovy.runtime.callsite.ConstructorSite$ConstructorSiteNoUnwrap.callConstructor(ConstructorSite.java:86)
	at org.codehaus.groovy.runtime.callsite.AbstractCallSite.callConstructor(AbstractCallSite.java:277)
	at io.restassured.internal.ResponseSpecificationImpl$HamcrestAssertionClosure.validate(ResponseSpecificationImpl.groovy:512)
	at io.restassured.internal.ResponseSpecificationImpl$HamcrestAssertionClosure$validate$1.call(Unknown Source)
	at io.restassured.internal.ResponseSpecificationImpl.validateResponseIfRequired(ResponseSpecificationImpl.groovy:696)
	at io.restassured.internal.ResponseSpecificationImpl.this$2$validateResponseIfRequired(ResponseSpecificationImpl.groovy)
	at jdk.internal.reflect.GeneratedMethodAccessor93.invoke(Unknown Source)
	at java.base/jdk.internal.reflect.DelegatingMethodAccessorImpl.invoke(DelegatingMethodAccessorImpl.java:43)
	at java.base/java.lang.reflect.Method.invoke(Method.java:566)
	at org.codehaus.groovy.runtime.callsite.PlainObjectMetaMethodSite.doInvoke(PlainObjectMetaMethodSite.java:43)
	at org.codehaus.groovy.runtime.callsite.PogoMetaMethodSite$PogoCachedMethodSiteNoUnwrapNoCoerce.invoke(PogoMetaMethodSite.java:198)
	at org.codehaus.groovy.runtime.callsite.PogoMetaMethodSite.callCurrent(PogoMetaMethodSite.java:62)
	at org.codehaus.groovy.runtime.callsite.AbstractCallSite.callCurrent(AbstractCallSite.java:185)
	at io.restassured.internal.ResponseSpecificationImpl.statusCode(ResponseSpecificationImpl.groovy:135)
	at io.restassured.specification.ResponseSpecification$statusCode$0.callCurrent(Unknown Source)
	at io.restassured.internal.ResponseSpecificationImpl.statusCode(ResponseSpecificationImpl.groovy:143)
	at io.restassured.internal.ValidatableResponseOptionsImpl.statusCode(ValidatableResponseOptionsImpl.java:89)
	at starter.authentication.PostRegister.lambda$validateHttpResponseCode200$0(PostRegister.java:48)
	at net.serenitybdd.rest.SerenityRest.restAssuredThat(SerenityRest.java:626)
	at starter.authentication.PostRegister.validateHttpResponseCode200(PostRegister.java:48)
	at starter.authentication.PostRegister$ByteBuddy$Juxv9Wj7.validateHttpResponseCode200$accessor$H3V1LoWv(Unknown Source)
	at jdk.internal.reflect.GeneratedMethodAccessor180.invoke(Unknown Source)
	at java.base/jdk.internal.reflect.DelegatingMethodAccessorImpl.invoke(DelegatingMethodAccessorImpl.java:43)
	at java.base/java.lang.reflect.Method.invoke(Method.java:566)
	at net.thucydides.core.steps.StepInterceptor.invokeMethod(StepInterceptor.java:503)
	at net.thucydides.core.steps.StepInterceptor.executeTestStepMethod(StepInterceptor.java:483)
	at net.thucydides.core.steps.StepInterceptor.runTestStep(StepInterceptor.java:457)
	at net.thucydides.core.steps.StepInterceptor.runOrSkipMethod(StepInterceptor.java:209)
	at net.thucydides.core.steps.StepInterceptor.testStepResult(StepInterceptor.java:196)
	at net.thucydides.core.steps.StepInterceptor.intercept(StepInterceptor.java:84)
	at net.thucydides.core.steps.ProxyConfiguration$InterceptorDispatcher.intercept(ProxyConfiguration.java:51)
	at starter.authentication.PostRegister$ByteBuddy$Juxv9Wj7.validateHttpResponseCode200(Unknown Source)
	at starter.stepdefinitions.AuthUserSteps.receiveValidHttpResponseCode200(AuthUserSteps.java:35)
	at âœ½.I receive valid HTTP response code 200(file:///C:/Users/Nafal%20Adi%20SL/Documents/GitHub/Capstone-QE/test-automation-API/src/test/resources/api/ManageThread.feature:353)
&amp#27;[0m
  &amp#27;[36mAnd &amp#27;[0m&amp#27;[36mI receive valid data for response code 200&amp#27;[0m          &amp#27;[90m# starter.stepdefinitions.AuthUserSteps.receiveValidDataForResponseCode200()&amp#27;[0m
08:38:00.726 [main] ERROR  - 
  _____   ___   ___   _____     ___     _     ___   _      ___   ___  
 |_   _| | __| / __| |_   _|   | __|   /_\   |_ _| | |    | __| |   \ 
   | |   | _|  \__ \   | |     | _|   / _ \   | |  | |__  | _|  | |) |
   |_|   |___| |___/   |_|     |_|   /_/ \_\ |___| |____| |___| |___/ 

DELETE As an user I can delete thread
-----------------------------------------------------------------------
08:38:00.726 [main] DEBUG  - RELATED ISSUES: 
08:38:00.726 [main] ERROR  -     Test failed at step: I receive valid HTTP response code 200
08:38:00.726 [main] ERROR  -     1 expectation failed.Expected status code <200> but was <500>.
]]></system-out>
  </testcase>
  <testcase name="DELETE As an user I can&apos;t delete thread" classname="ManageThread" time="0.259">
    <system-out><![CDATA[
@Thread @T46
Scenario: DELETE As an user I can't delete thread        &amp#27;[90m# src/test/resources/api/ManageThread.feature:357&amp#27;[0m
08:38:00.733 [main] INFO io.cucumber.core.plugin.SerenityReporter - Running feature from file:///C:/Users/Nafal%20Adi%20SL/Documents/GitHub/Capstone-QE/test-automation-API/src/test/resources/api/ManageThread.feature
08:38:00.733 [main] WARN io.cucumber.core.plugin.SerenityReporter - Feature from file:///C:/Users/Nafal%20Adi%20SL/Documents/GitHub/Capstone-QE/test-automation-API/src/test/resources/api/ManageThread.feature is not under the 'features' directory. Requirements report will not be correctly generated!
08:38:00.734 [main] INFO  - 
  _____   ___   ___   _____     ___   _____     _     ___   _____   ___   ___  
 |_   _| | __| / __| |_   _|   / __| |_   _|   /_\   | _ \ |_   _| | __| |   \ 
   | |   | _|  \__ \   | |     \__ \   | |    / _ \  |   /   | |   | _|  | |) |
   |_|   |___| |___/   |_|     |___/   |_|   /_/ \_\ |_|_\   |_|   |___| |___/ 

DELETE As an user I can't delete thread(managethread;delete-as-an-user-i-can-t-delete-thread)
--------------------------------------------------------------------------------
08:38:00.743 [main] DEBUG net.thucydides.core.steps.StepInterceptor - STARTING STEP: ThreadsSteps.setDeleteApiEndpointsInvalid - I set DELETE api endpoints delete thread invalid
08:38:00.743 [main] DEBUG net.thucydides.core.steps.StepInterceptor - STEP DONE: I set DELETE api endpoints delete thread invalid
  &amp#27;[32mGiven &amp#27;[0m&amp#27;[32mI set DELETE api endpoints delete thread invalid&amp#27;[0m &amp#27;[90m# starter.stepdefinitions.ThreadsSteps.setDeleteApiEndpointsInvalid()&amp#27;[0m
08:38:00.744 [main] DEBUG net.thucydides.core.steps.StepInterceptor - STARTING STEP: ThreadsSteps.sendDeleteApiEndpointsInvalid - I send DELETE HTTP request delete thread invalid
08:38:00.745 [main] DEBUG net.thucydides.core.steps.StepInterceptor - STARTING STEP: DeleteThreads.sendDeleteHttpRequestInvalid - I set DELETE api endpoints delete thread invalid
08:38:00.745 [main] DEBUG net.thucydides.core.steps.StepInterceptor - STEP DONE: I set DELETE api endpoints delete thread invalid
08:38:00.748 [main] DEBUG org.apache.http.impl.conn.BasicClientConnectionManager - Get connection for route {}->http://ec2-54-206-29-131.ap-southeast-2.compute.amazonaws.com:8000
08:38:00.748 [main] DEBUG org.apache.http.impl.conn.DefaultClientConnectionOperator - Connecting to ec2-54-206-29-131.ap-southeast-2.compute.amazonaws.com:8000
08:38:00.865 [main] DEBUG org.apache.http.client.protocol.RequestAddCookies - CookieSpec selected: ignoreCookies
08:38:00.865 [main] DEBUG org.apache.http.client.protocol.RequestAuthCache - Auth cache not set in the context
08:38:00.865 [main] DEBUG org.apache.http.client.protocol.RequestProxyAuthentication - Proxy auth state: UNCHALLENGED
08:38:00.865 [main] DEBUG org.apache.http.impl.client.DefaultHttpClient - Attempt 1 to execute request
08:38:00.865 [main] DEBUG org.apache.http.impl.conn.DefaultClientConnection - Sending request: DELETE /threads/ HTTP/1.1
08:38:00.865 [main] DEBUG org.apache.http.wire -  >> "DELETE /threads/ HTTP/1.1[\r][\n]"
08:38:00.865 [main] DEBUG org.apache.http.wire -  >> "Authorization: Bearer eyJhbGciOiJIUzI1NiIsInR5cCI6IkpXVCJ9.eyJleHAiOjE2ODc1NjQxOTcsIm5hbWUiOiJLZW5kcmljayIsInJvbGUiOiJVc2VyIiwidXNlcl9pZCI6MTN9.p2Rdg1yWJH_349Z-51pSbx60sUkrEL6hEGPfRb2E0_o[\r][\n]"
08:38:00.865 [main] DEBUG org.apache.http.wire -  >> "Accept: */*[\r][\n]"
08:38:00.865 [main] DEBUG org.apache.http.wire -  >> "Host: ec2-54-206-29-131.ap-southeast-2.compute.amazonaws.com:8000[\r][\n]"
08:38:00.865 [main] DEBUG org.apache.http.wire -  >> "Connection: Keep-Alive[\r][\n]"
08:38:00.865 [main] DEBUG org.apache.http.wire -  >> "User-Agent: Apache-HttpClient/4.5.13 (Java/11.0.12)[\r][\n]"
08:38:00.865 [main] DEBUG org.apache.http.wire -  >> "Accept-Encoding: gzip,deflate[\r][\n]"
08:38:00.865 [main] DEBUG org.apache.http.wire -  >> "[\r][\n]"
08:38:00.865 [main] DEBUG org.apache.http.headers - >> DELETE /threads/ HTTP/1.1
08:38:00.865 [main] DEBUG org.apache.http.headers - >> Authorization: Bearer eyJhbGciOiJIUzI1NiIsInR5cCI6IkpXVCJ9.eyJleHAiOjE2ODc1NjQxOTcsIm5hbWUiOiJLZW5kcmljayIsInJvbGUiOiJVc2VyIiwidXNlcl9pZCI6MTN9.p2Rdg1yWJH_349Z-51pSbx60sUkrEL6hEGPfRb2E0_o
08:38:00.865 [main] DEBUG org.apache.http.headers - >> Accept: */*
08:38:00.865 [main] DEBUG org.apache.http.headers - >> Host: ec2-54-206-29-131.ap-southeast-2.compute.amazonaws.com:8000
08:38:00.865 [main] DEBUG org.apache.http.headers - >> Connection: Keep-Alive
08:38:00.865 [main] DEBUG org.apache.http.headers - >> User-Agent: Apache-HttpClient/4.5.13 (Java/11.0.12)
08:38:00.865 [main] DEBUG org.apache.http.headers - >> Accept-Encoding: gzip,deflate
08:38:00.982 [main] DEBUG org.apache.http.wire -  << "HTTP/1.1 404 Not Found[\r][\n]"
08:38:00.982 [main] DEBUG org.apache.http.wire -  << "Content-Type: application/json; charset=UTF-8[\r][\n]"
08:38:00.982 [main] DEBUG org.apache.http.wire -  << "Vary: Origin[\r][\n]"
08:38:00.982 [main] DEBUG org.apache.http.wire -  << "Vary: Origin[\r][\n]"
08:38:00.982 [main] DEBUG org.apache.http.wire -  << "Date: Fri, 23 Jun 2023 01:38:05 GMT[\r][\n]"
08:38:00.982 [main] DEBUG org.apache.http.wire -  << "Content-Length: 24[\r][\n]"
08:38:00.982 [main] DEBUG org.apache.http.wire -  << "[\r][\n]"
08:38:00.982 [main] DEBUG org.apache.http.impl.conn.DefaultClientConnection - Receiving response: HTTP/1.1 404 Not Found
08:38:00.982 [main] DEBUG org.apache.http.headers - << HTTP/1.1 404 Not Found
08:38:00.982 [main] DEBUG org.apache.http.headers - << Content-Type: application/json; charset=UTF-8
08:38:00.982 [main] DEBUG org.apache.http.headers - << Vary: Origin
08:38:00.982 [main] DEBUG org.apache.http.headers - << Vary: Origin
08:38:00.982 [main] DEBUG org.apache.http.headers - << Date: Fri, 23 Jun 2023 01:38:05 GMT
08:38:00.982 [main] DEBUG org.apache.http.headers - << Content-Length: 24
08:38:00.982 [main] DEBUG org.apache.http.impl.client.DefaultHttpClient - Connection can be kept alive indefinitely
08:38:00.982 [main] DEBUG io.restassured.internal.RestAssuredHttpBuilder - Parsing response as: application/json; charset=UTF-8
08:38:00.982 [main] DEBUG io.restassured.internal.RestAssuredHttpBuilder - Parsed data to instance of: class org.apache.http.conn.EofSensorInputStream
08:38:00.983 [main] DEBUG org.apache.http.wire -  << "{"message":"Not Found"}[\n]"
08:38:00.983 [main] DEBUG org.apache.http.impl.conn.BasicClientConnectionManager - Releasing connection org.apache.http.impl.conn.ManagedClientConnectionImpl@5dcf8b37
08:38:00.983 [main] DEBUG org.apache.http.impl.conn.BasicClientConnectionManager - Connection can be kept alive indefinitely
08:38:00.983 [main] DEBUG net.thucydides.core.steps.StepInterceptor - STEP DONE: I send DELETE HTTP request delete thread invalid
  &amp#27;[32mWhen &amp#27;[0m&amp#27;[32mI send DELETE HTTP request delete thread invalid&amp#27;[0m  &amp#27;[90m# starter.stepdefinitions.ThreadsSteps.sendDeleteApiEndpointsInvalid()&amp#27;[0m
08:38:00.984 [main] DEBUG net.thucydides.core.steps.StepInterceptor - STARTING STEP: ThreadsSteps.receiveHttpResponseCode404 - I receive valid HTTP response code 404
08:38:00.984 [main] DEBUG net.thucydides.core.steps.StepInterceptor - STEP DONE: I receive valid HTTP response code 404
  &amp#27;[32mThen &amp#27;[0m&amp#27;[32mI receive valid HTTP response code 404&amp#27;[0m            &amp#27;[90m# starter.stepdefinitions.ThreadsSteps.receiveHttpResponseCode404()&amp#27;[0m
08:38:00.986 [main] DEBUG net.thucydides.core.steps.StepInterceptor - STARTING STEP: ThreadsSteps.receiveValidDataForResponseCode404 - I receive valid data for response code 404
08:38:00.986 [main] DEBUG net.thucydides.core.steps.StepInterceptor - STEP DONE: I receive valid data for response code 404
  &amp#27;[32mAnd &amp#27;[0m&amp#27;[32mI receive valid data for response code 404&amp#27;[0m         &amp#27;[90m# starter.stepdefinitions.ThreadsSteps.receiveValidDataForResponseCode404()&amp#27;[0m
08:38:00.987 [main] INFO  - 
  _____   ___   ___   _____     ___     _     ___   ___   ___   ___  
 |_   _| | __| / __| |_   _|   | _ \   /_\   / __| / __| | __| |   \ 
   | |   | _|  \__ \   | |     |  _/  / _ \  \__ \ \__ \ | _|  | |) |
   |_|   |___| |___/   |_|     |_|   /_/ \_\ |___/ |___/ |___| |___/ 

DELETE As an user I can't delete thread
----------------------------------------------------------------------
]]></system-out>
  </testcase>
</testsuite>