<?xml version="1.0" encoding="UTF-8" standalone="no"?><testsuite errors="0" failures="0" name="Products Categories" skipped="0" tests="8" time="6.3" timestamp="2023-05-11 05:11:26"><testcase name="POST As a user I can create a new product category"/><testcase name="POST As a user I can't create new product category"/><testcase name="GET As a user I can get product category by id"/><testcase name="GET As a user I can't get product category by id"/><testcase name="GET As a user I can get all products categories"/><testcase name="GET As a user I can't get all products categories"/><testcase name="DELETE As a user I can delete product category by id"/><testcase name="DELETE As a user I can't delete product category by id"/></testsuite>