<?xml version="1.0" encoding="UTF-8" standalone="no"?><testsuite errors="0" failures="0" name="Orders" skipped="0" tests="6" time="3.2" timestamp="2023-05-11 05:11:23"><testcase name="POST As a user I can create a new order"/><testcase name="POST As a user I can't create a new order"/><testcase name="GET As a user I can get all orders list"/><testcase name="GET As a user I can't get all orders list"/><testcase name="GET As a user I can get order list by id"/><testcase name="GET As a user I can't get order list by id"/></testsuite>