<?xml version="1.0" encoding="UTF-8" standalone="no"?><testsuite errors="0" failures="0" name="Products" skipped="0" tests="16" time="21.94" timestamp="2023-05-11 05:11:32"><testcase name="GET As a user I can get all products"/><testcase name="GET As a user I can't get all products"/><testcase name="POST As a user I can create a new product"/><testcase name="POST As a user I can't create new product"/><testcase name="GET As a user I can get product by id"/><testcase name="GET As a user I can't get product by id"/><testcase name="DELETE As a user I can delete product by id"/><testcase name="DELETE As a user I can't delete product by id"/><testcase name="POST As a user I can create a new product rating"/><testcase name="POST As a user I can't create new product rating"/><testcase name="GET As admin I can get product ratings"/><testcase name="GET As a user I can't get product ratings"/><testcase name="POST As a user I can create a new product comment"/><testcase name="POST As a user I can't create new product comment"/><testcase name="GET As a user I can get product comments"/><testcase name="GET As a user I can't get product comments"/></testsuite>