<?xml version="1.0" encoding="UTF-8" standalone="no"?><testsuite errors="0" failures="0" name="products" skipped="0" tests="6" time="178.84" timestamp="2023-05-09 08:05:19"><testcase name="As user, I can login and view all products"/><testcase name="As user, I can login and view all products categories"/><testcase name="As user, I can login and view products by categories"/><testcase name="As user, I can login and add products to my cart"/><testcase name="As user, I can login and see products detail"/><testcase name="As user, I can login and add products to my cart"/></testsuite>