<?xml version="1.0" encoding="UTF-8"?>
<testsuite xmlns:xsi="http://www.w3.org/2001/XMLSchema-instance" xsi:schemaLocation="https://maven.apache.org/surefire/maven-surefire-plugin/xsd/surefire-test-report.xsd" name="test.alta.CucumberTestSuite" time="73.176" tests="8" errors="0" skipped="0" failures="0">
  <properties>
[...]
</properties>
  <testcase name="I am on the login page" classname="As a user, I want to logout successfully" time="15.222"/>
  <testcase name="I input email &quot;adi@email.com&quot;" classname="As a user, I want to logout successfully" time="5.267"/>
  <testcase name="I input password &quot;password&quot;" classname="As a user, I want to logout successfully" time="2.873"/>
  <testcase name="I click login button" classname="As a user, I want to logout successfully" time="0.104"/>
  <testcase name="I am on the home page" classname="As a user, I want to logout successfully" time="16.003"/>
  <testcase name="I click logout button" classname="As a user, I want to logout successfully" time="14.145"/>
  <testcase name="I am on the landing page" classname="As a user, I want to logout successfully" time="16.005"/>
  <testcase name="As a user, I want to logout successfully" classname="As a user, I want to logout successfully" time="16.01"/>
</testsuite>